2022-10-28 11:10:43,938 INFO  [org.jboss.modules] (main) JBoss Modules version 1.11.0.Final-redhat-00001
2022-10-28 11:10:44,262 INFO  [org.jboss.msc] (main) JBoss MSC version 1.4.12.Final-redhat-00001
2022-10-28 11:10:44,271 INFO  [org.jboss.threads] (main) JBoss Threads version 2.4.0.Final-redhat-00001
2022-10-28 11:10:44,360 INFO  [org.jboss.as] (MSC service thread 1-2) WFLYSRV0049: JBoss EAP 7.4.0.GA (WildFly Core 15.0.2.Final-redhat-00001) starting
2022-10-28 11:10:44,362 DEBUG [org.jboss.as.config] (MSC service thread 1-2) Configured system properties:
	[Standalone] = 
	awt.toolkit = sun.awt.X11.XToolkit
	file.encoding = UTF-8
	file.encoding.pkg = sun.io
	file.separator = /
	intellij.debug.agent = true
	java.awt.graphicsenv = sun.awt.X11GraphicsEnvironment
	java.awt.printerjob = sun.print.PSPrinterJob
	java.class.path = /home/user/servidores/EAP-7.4.0/jboss-modules.jar:/home/user/installer/idea-IU-221.5921.22/plugins/java/lib/rt/debugger-agent.jar
	java.class.version = 52.0
	java.endorsed.dirs = /home/user/.sdkman/candidates/java/8.0.265-open/jre/lib/endorsed
	java.ext.dirs = /home/user/.sdkman/candidates/java/8.0.265-open/jre/lib/ext:/usr/java/packages/lib/ext
	java.home = /home/user/.sdkman/candidates/java/8.0.265-open/jre
	java.io.tmpdir = /tmp
	java.library.path = /usr/java/packages/lib/amd64:/usr/lib64:/lib64:/lib:/usr/lib
	java.runtime.name = OpenJDK Runtime Environment
	java.runtime.version = 1.8.0_265-b01
	java.specification.name = Java Platform API Specification
	java.specification.vendor = Oracle Corporation
	java.specification.version = 1.8
	java.util.logging.manager = org.jboss.logmanager.LogManager
	java.vendor = Oracle Corporation
	java.vendor.url = http://java.oracle.com/
	java.vendor.url.bug = http://bugreport.sun.com/bugreport/
	java.version = 1.8.0_265
	java.vm.info = mixed mode
	java.vm.name = OpenJDK 64-Bit Server VM
	java.vm.specification.name = Java Virtual Machine Specification
	java.vm.specification.vendor = Oracle Corporation
	java.vm.specification.version = 1.8
	java.vm.vendor = Oracle Corporation
	java.vm.version = 25.265-b01
	javax.management.builder.initial = org.jboss.as.jmx.PluggableMBeanServerBuilder
	jboss.home.dir = /home/user/servidores/EAP-7.4.0
	jboss.host.name = user01
	jboss.modules.dir = /home/user/servidores/EAP-7.4.0/modules
	jboss.modules.system.pkgs = com.intellij.rt
	jboss.node.name = user01
	jboss.qualified.host.name = user01
	jboss.server.base.dir = /home/user/servidores/EAP-7.4.0/standalone
	jboss.server.config.dir = /home/user/servidores/EAP-7.4.0/standalone/configuration
	jboss.server.data.dir = /home/user/servidores/EAP-7.4.0/standalone/data
	jboss.server.deploy.dir = /home/user/servidores/EAP-7.4.0/standalone/data/content
	jboss.server.log.dir = /home/user/servidores/EAP-7.4.0/standalone/log
	jboss.server.name = user01
	jboss.server.persist.config = true
	jboss.server.temp.dir = /home/user/servidores/EAP-7.4.0/standalone/tmp
	line.separator = 

	logging.configuration = file:/home/user/servidores/EAP-7.4.0/standalone/configuration/logging.properties
	module.path = /home/user/servidores/EAP-7.4.0/modules
	org.jboss.boot.log.file = /home/user/servidores/EAP-7.4.0/standalone/log/server.log
	org.jboss.resolver.warning = true
	os.arch = amd64
	os.name = Linux
	os.version = 5.15.0-50-generic
	path.separator = :
	sun.arch.data.model = 64
	sun.boot.class.path = /home/user/.sdkman/candidates/java/8.0.265-open/jre/lib/resources.jar:/home/user/.sdkman/candidates/java/8.0.265-open/jre/lib/rt.jar:/home/user/.sdkman/candidates/java/8.0.265-open/jre/lib/sunrsasign.jar:/home/user/.sdkman/candidates/java/8.0.265-open/jre/lib/jsse.jar:/home/user/.sdkman/candidates/java/8.0.265-open/jre/lib/jce.jar:/home/user/.sdkman/candidates/java/8.0.265-open/jre/lib/charsets.jar:/home/user/.sdkman/candidates/java/8.0.265-open/jre/lib/jfr.jar:/home/user/.sdkman/candidates/java/8.0.265-open/jre/classes:/home/user/installer/idea-IU-221.5921.22/plugins/java/lib/rt/debugger-agent.jar
	sun.boot.library.path = /home/user/.sdkman/candidates/java/8.0.265-open/jre/lib/amd64
	sun.cpu.endian = little
	sun.cpu.isalist = 
	sun.desktop = gnome
	sun.io.unicode.encoding = UnicodeLittle
	sun.java.command = /home/user/servidores/EAP-7.4.0/jboss-modules.jar -mp /home/user/servidores/EAP-7.4.0/modules org.jboss.as.standalone -Djboss.home.dir=/home/user/servidores/EAP-7.4.0 -Djboss.server.base.dir=/home/user/servidores/EAP-7.4.0/standalone
	sun.java.launcher = SUN_STANDARD
	sun.jnu.encoding = UTF-8
	sun.management.compiler = HotSpot 64-Bit Tiered Compilers
	sun.os.patch.level = unknown
	user.country = US
	user.dir = /home/user/servidores/EAP-7.4.0/bin
	user.home = /home/user
	user.language = en
	user.name = user
	user.timezone = America/Asuncion
2022-10-28 11:10:44,362 DEBUG [org.jboss.as.config] (MSC service thread 1-2) VM Arguments: -D[Standalone] -verbose:gc -Xloggc:/home/user/servidores/EAP-7.4.0/standalone/log/gc.log -XX:+PrintGCDetails -XX:+PrintGCDateStamps -XX:+UseGCLogFileRotation -XX:NumberOfGCLogFiles=5 -XX:GCLogFileSize=3M -XX:-TraceClassUnloading -agentlib:jdwp=transport=dt_socket,address=127.0.0.1:34613,suspend=y,server=n -javaagent:/home/user/installer/idea-IU-221.5921.22/plugins/java/lib/rt/debugger-agent.jar -Dorg.jboss.boot.log.file=/home/user/servidores/EAP-7.4.0/standalone/log/server.log -Dlogging.configuration=file:/home/user/servidores/EAP-7.4.0/standalone/configuration/logging.properties 
2022-10-28 11:10:44,974 INFO  [org.wildfly.security] (ServerService Thread Pool -- 21) ELY00001: WildFly Elytron version 1.15.3.Final-redhat-00001
2022-10-28 11:10:45,203 INFO  [org.jboss.as.controller.management-deprecated] (ServerService Thread Pool -- 10) WFLYCTL0033: Extension 'security' is deprecated and may not be supported in future versions
2022-10-28 11:10:45,347 INFO  [org.jboss.as.controller.management-deprecated] (Controller Boot Thread) WFLYCTL0028: Attribute 'security-realm' in the resource at address '/core-service=management/management-interface=http-interface' is deprecated, and may be removed in a future version. See the attribute description in the output of the read-resource-description operation to learn more about the deprecation.
2022-10-28 11:10:45,373 INFO  [org.jboss.as.controller.management-deprecated] (ServerService Thread Pool -- 34) WFLYCTL0028: Attribute 'security-realm' in the resource at address '/subsystem=undertow/server=default-server/https-listener=https' is deprecated, and may be removed in a future version. See the attribute description in the output of the read-resource-description operation to learn more about the deprecation.
2022-10-28 11:10:45,432 INFO  [org.jboss.as.server] (Controller Boot Thread) WFLYSRV0039: Creating http management service using socket-binding (management-http)
2022-10-28 11:10:45,445 INFO  [org.xnio] (MSC service thread 1-2) XNIO version 3.8.4.Final-redhat-00001
2022-10-28 11:10:45,451 INFO  [org.xnio.nio] (MSC service thread 1-2) XNIO NIO Implementation Version 3.8.4.Final-redhat-00001
2022-10-28 11:10:45,490 INFO  [org.jboss.as.connector.subsystems.datasources] (ServerService Thread Pool -- 41) WFLYJCA0004: Deploying JDBC-compliant driver class org.h2.Driver (version 1.4)
2022-10-28 11:10:45,495 INFO  [org.jboss.as.clustering.infinispan] (ServerService Thread Pool -- 50) WFLYCLINF0001: Activating Infinispan subsystem.
2022-10-28 11:10:45,506 INFO  [org.wildfly.extension.health] (ServerService Thread Pool -- 49) WFLYHEALTH0001: Activating Base Health Subsystem
2022-10-28 11:10:45,520 INFO  [org.wildfly.extension.io] (ServerService Thread Pool -- 51) WFLYIO001: Worker 'default' has auto-configured to 16 IO threads with 128 max task threads based on your 8 available processors
2022-10-28 11:10:45,523 INFO  [org.jboss.remoting] (MSC service thread 1-7) JBoss Remoting version 5.0.20.SP1-redhat-00001
2022-10-28 11:10:45,532 INFO  [org.jboss.as.connector] (MSC service thread 1-5) WFLYJCA0009: Starting Jakarta Connectors Subsystem (WildFly/IronJacamar 1.4.30.Final-redhat-00001)
2022-10-28 11:10:45,534 INFO  [org.jboss.as.connector.deployers.jdbc] (MSC service thread 1-2) WFLYJCA0018: Started Driver service with driver-name = h2
2022-10-28 11:10:45,542 INFO  [org.jboss.as.jaxrs] (ServerService Thread Pool -- 52) WFLYRS0016: RESTEasy version 3.15.1.Final-redhat-00001
2022-10-28 11:10:45,555 INFO  [org.jboss.as.jsf] (ServerService Thread Pool -- 57) WFLYJSF0007: Activated the following Jakarta Server Faces Implementations: [main]
2022-10-28 11:10:45,563 INFO  [org.jboss.as.naming] (ServerService Thread Pool -- 60) WFLYNAM0001: Activating Naming Subsystem
2022-10-28 11:10:45,577 INFO  [org.jboss.as.naming] (MSC service thread 1-5) WFLYNAM0003: Starting Naming Service
2022-10-28 11:10:45,589 INFO  [org.jboss.as.mail.extension] (MSC service thread 1-4) WFLYMAIL0001: Bound mail session [java:jboss/mail/Default]
2022-10-28 11:10:45,601 WARN  [org.wildfly.extension.elytron] (MSC service thread 1-4) WFLYELY00023: KeyStore file '/home/user/servidores/EAP-7.4.0/standalone/configuration/application.keystore' does not exist. Used blank.
2022-10-28 11:10:45,602 INFO  [org.wildfly.extension.metrics] (ServerService Thread Pool -- 59) WFLYMETRICS0001: Activating Base Metrics Subsystem
2022-10-28 11:10:45,603 INFO  [org.jboss.as.security] (ServerService Thread Pool -- 66) WFLYSEC0002: Activating Security Subsystem
2022-10-28 11:10:45,610 WARN  [org.jboss.as.txn] (ServerService Thread Pool -- 68) WFLYTX0013: The node-identifier attribute on the /subsystem=transactions is set to the default value. This is a danger for environments running multiple servers. Please make sure the attribute value is unique.
2022-10-28 11:10:45,618 INFO  [org.jboss.as.ejb3] (MSC service thread 1-1) WFLYEJB0481: Strict pool slsb-strict-max-pool is using a max instance size of 128 (per class), which is derived from thread worker pool sizing.
2022-10-28 11:10:45,619 INFO  [org.jboss.as.ejb3] (MSC service thread 1-8) WFLYEJB0482: Strict pool mdb-strict-max-pool is using a max instance size of 32 (per class), which is derived from the number of CPUs on this host.
2022-10-28 11:10:45,622 INFO  [org.jboss.as.security] (MSC service thread 1-4) WFLYSEC0001: Current PicketBox version=5.0.3.Final-redhat-00007
2022-10-28 11:10:45,624 WARN  [org.wildfly.extension.elytron] (MSC service thread 1-6) WFLYELY01084: KeyStore /home/user/servidores/EAP-7.4.0/standalone/configuration/application.keystore not found, it will be auto generated on first use with a self-signed certificate for host localhost
2022-10-28 11:10:45,630 INFO  [org.jboss.as.webservices] (ServerService Thread Pool -- 70) WFLYWS0002: Activating WebServices Extension
2022-10-28 11:10:45,674 INFO  [org.wildfly.extension.undertow] (MSC service thread 1-5) WFLYUT0003: Undertow 2.2.5.Final-redhat-00001 starting
2022-10-28 11:10:45,779 INFO  [org.wildfly.extension.undertow] (MSC service thread 1-6) WFLYUT0012: Started server default-server.
2022-10-28 11:10:45,780 INFO  [org.wildfly.extension.undertow] (MSC service thread 1-7) Queuing requests.
2022-10-28 11:10:45,781 INFO  [org.wildfly.extension.undertow] (MSC service thread 1-7) WFLYUT0018: Host default-host starting
2022-10-28 11:10:45,800 INFO  [org.wildfly.extension.undertow] (ServerService Thread Pool -- 69) WFLYUT0014: Creating file handler for path '/home/user/servidores/EAP-7.4.0/welcome-content' with options [directory-listing: 'false', follow-symlink: 'false', case-sensitive: 'true', safe-symlink-paths: '[]']
2022-10-28 11:10:45,979 INFO  [org.wildfly.extension.undertow] (MSC service thread 1-2) WFLYUT0006: Undertow HTTP listener default listening on 127.0.0.1:8080
2022-10-28 11:10:46,013 INFO  [org.jboss.as.ejb3] (MSC service thread 1-6) WFLYEJB0493: Jakarta Enterprise Beans subsystem suspension complete
2022-10-28 11:10:46,059 INFO  [org.jboss.as.connector.subsystems.datasources] (MSC service thread 1-1) WFLYJCA0001: Bound data source [java:jboss/datasources/ExampleDS]
2022-10-28 11:10:46,101 INFO  [org.jboss.as.patching] (MSC service thread 1-6) WFLYPAT0050: JBoss EAP cumulative patch ID is: base, one-off patches include: none
2022-10-28 11:10:46,111 WARN  [org.jboss.as.domain.management.security] (MSC service thread 1-5) WFLYDM0111: Keystore /home/user/servidores/EAP-7.4.0/standalone/configuration/application.keystore not found, it will be auto generated on first use with a self signed certificate for host localhost
