[2023-06-19T19:14:43.339-0400][39ms] Heap region size: 1M
[2023-06-19T19:14:43.351-0400][51ms] Using G1
[2023-06-19T19:14:43.351-0400][51ms] Heap address: 0x0000000741600000, size: 3050 MB, Compressed Oops mode: Zero based, Oop shift amount: 3
[2023-06-19T19:14:44.093-0400][793ms] GC(0) Pause Young (Normal) (G1 Evacuation Pause)
[2023-06-19T19:14:44.094-0400][794ms] GC(0) Using 4 workers of 8 for evacuation
[2023-06-19T19:14:44.099-0400][799ms] GC(0)   Pre Evacuate Collection Set: 0.0ms
[2023-06-19T19:14:44.099-0400][799ms] GC(0)   Evacuate Collection Set: 3.7ms
[2023-06-19T19:14:44.099-0400][799ms] GC(0)   Post Evacuate Collection Set: 0.5ms
[2023-06-19T19:14:44.099-0400][799ms] GC(0)   Other: 1.4ms
[2023-06-19T19:14:44.099-0400][799ms] GC(0) Eden regions: 24->0(112)
[2023-06-19T19:14:44.099-0400][799ms] GC(0) Survivor regions: 0->3(3)
[2023-06-19T19:14:44.099-0400][799ms] GC(0) Old regions: 0->1
[2023-06-19T19:14:44.099-0400][799ms] GC(0) Humongous regions: 0->0
[2023-06-19T19:14:44.099-0400][799ms] GC(0) Metaspace: 12116K->12116K(1060864K)
[2023-06-19T19:14:44.099-0400][799ms] GC(0) Pause Young (Normal) (G1 Evacuation Pause) 24M->3M(192M) 6.345ms
[2023-06-19T19:14:44.099-0400][799ms] GC(0) User=0.00s Sys=0.00s Real=0.01s
[2023-06-19T19:14:44.855-0400][1555ms] GC(1) Pause Young (Concurrent Start) (Metadata GC Threshold)
[2023-06-19T19:14:44.857-0400][1557ms] GC(1) Using 8 workers of 8 for evacuation
[2023-06-19T19:14:44.866-0400][1566ms] GC(1)   Pre Evacuate Collection Set: 0.0ms
[2023-06-19T19:14:44.866-0400][1566ms] GC(1)   Evacuate Collection Set: 7.5ms
[2023-06-19T19:14:44.866-0400][1566ms] GC(1)   Post Evacuate Collection Set: 1.2ms
[2023-06-19T19:14:44.866-0400][1566ms] GC(1)   Other: 2.3ms
[2023-06-19T19:14:44.866-0400][1566ms] GC(1) Eden regions: 38->0(48)
[2023-06-19T19:14:44.866-0400][1566ms] GC(1) Survivor regions: 3->8(15)
[2023-06-19T19:14:44.866-0400][1566ms] GC(1) Old regions: 1->1
[2023-06-19T19:14:44.866-0400][1566ms] GC(1) Humongous regions: 0->0
[2023-06-19T19:14:44.866-0400][1566ms] GC(1) Metaspace: 19832K->19832K(1069056K)
[2023-06-19T19:14:44.866-0400][1566ms] GC(1) Pause Young (Concurrent Start) (Metadata GC Threshold) 41M->8M(192M) 11.342ms
[2023-06-19T19:14:44.866-0400][1566ms] GC(1) User=0.05s Sys=0.05s Real=0.01s
[2023-06-19T19:14:44.867-0400][1567ms] GC(2) Concurrent Cycle
[2023-06-19T19:14:44.867-0400][1567ms] GC(2) Concurrent Clear Claimed Marks
[2023-06-19T19:14:44.867-0400][1567ms] GC(2) Concurrent Clear Claimed Marks 0.057ms
[2023-06-19T19:14:44.867-0400][1567ms] GC(2) Concurrent Scan Root Regions
[2023-06-19T19:14:44.870-0400][1570ms] GC(2) Concurrent Scan Root Regions 3.364ms
[2023-06-19T19:14:44.870-0400][1570ms] GC(2) Concurrent Mark (1.570s)
[2023-06-19T19:14:44.870-0400][1570ms] GC(2) Concurrent Mark From Roots
[2023-06-19T19:14:44.870-0400][1570ms] GC(2) Using 2 workers of 2 for marking
[2023-06-19T19:14:44.873-0400][1573ms] GC(2) Concurrent Mark From Roots 2.319ms
[2023-06-19T19:14:44.873-0400][1573ms] GC(2) Concurrent Preclean
[2023-06-19T19:14:44.873-0400][1573ms] GC(2) Concurrent Preclean 0.176ms
[2023-06-19T19:14:44.873-0400][1573ms] GC(2) Concurrent Mark (1.570s, 1.573s) 2.656ms
[2023-06-19T19:14:44.873-0400][1573ms] GC(2) Pause Remark
[2023-06-19T19:14:44.875-0400][1575ms] GC(2) Cleaned string and symbol table, strings: 9993 processed, 0 removed, symbols: 66251 processed, 31 removed
[2023-06-19T19:14:44.875-0400][1575ms] GC(2) Pause Remark 8M->8M(192M) 2.202ms
[2023-06-19T19:14:44.875-0400][1575ms] GC(2) User=0.03s Sys=0.00s Real=0.00s
[2023-06-19T19:14:44.875-0400][1575ms] GC(2) Concurrent Rebuild Remembered Sets
[2023-06-19T19:14:44.876-0400][1576ms] GC(2) Concurrent Rebuild Remembered Sets 0.795ms
[2023-06-19T19:14:44.876-0400][1576ms] GC(2) Pause Cleanup
[2023-06-19T19:14:44.877-0400][1577ms] GC(2) Pause Cleanup 8M->8M(192M) 0.124ms
[2023-06-19T19:14:44.877-0400][1577ms] GC(2) User=0.00s Sys=0.00s Real=0.00s
[2023-06-19T19:14:44.877-0400][1577ms] GC(2) Concurrent Cleanup for Next Mark
[2023-06-19T19:14:44.877-0400][1577ms] GC(2) Concurrent Cleanup for Next Mark 0.229ms
[2023-06-19T19:14:44.877-0400][1577ms] GC(2) Concurrent Cycle 10.519ms
[2023-06-19T19:14:45.441-0400][2141ms] GC(3) Pause Young (Normal) (G1 Evacuation Pause)
[2023-06-19T19:14:45.441-0400][2141ms] GC(3) Using 8 workers of 8 for evacuation
[2023-06-19T19:14:45.451-0400][2151ms] GC(3)   Pre Evacuate Collection Set: 0.0ms
[2023-06-19T19:14:45.451-0400][2151ms] GC(3)   Evacuate Collection Set: 8.3ms
[2023-06-19T19:14:45.451-0400][2151ms] GC(3)   Post Evacuate Collection Set: 1.4ms
[2023-06-19T19:14:45.451-0400][2151ms] GC(3)   Other: 0.2ms
[2023-06-19T19:14:45.451-0400][2151ms] GC(3) Eden regions: 42->0(61)
[2023-06-19T19:14:45.451-0400][2151ms] GC(3) Survivor regions: 8->5(7)
[2023-06-19T19:14:45.451-0400][2151ms] GC(3) Old regions: 1->9
[2023-06-19T19:14:45.451-0400][2151ms] GC(3) Humongous regions: 0->0
[2023-06-19T19:14:45.451-0400][2151ms] GC(3) Metaspace: 26566K->26566K(1075200K)
[2023-06-19T19:14:45.451-0400][2151ms] GC(3) Pause Young (Normal) (G1 Evacuation Pause) 50M->12M(192M) 10.287ms
[2023-06-19T19:14:45.451-0400][2151ms] GC(3) User=0.00s Sys=0.00s Real=0.01s
[2023-06-19T19:14:45.617-0400][2317ms] GC(4) Pause Young (Normal) (G1 Evacuation Pause)
[2023-06-19T19:14:45.617-0400][2317ms] GC(4) Using 8 workers of 8 for evacuation
[2023-06-19T19:14:45.634-0400][2334ms] GC(4)   Pre Evacuate Collection Set: 0.0ms
[2023-06-19T19:14:45.634-0400][2334ms] GC(4)   Evacuate Collection Set: 16.1ms
[2023-06-19T19:14:45.634-0400][2334ms] GC(4)   Post Evacuate Collection Set: 1.0ms
[2023-06-19T19:14:45.634-0400][2334ms] GC(4)   Other: 0.2ms
[2023-06-19T19:14:45.634-0400][2334ms] GC(4) Eden regions: 61->0(91)
[2023-06-19T19:14:45.634-0400][2334ms] GC(4) Survivor regions: 5->9(9)
[2023-06-19T19:14:45.634-0400][2334ms] GC(4) Old regions: 9->9
[2023-06-19T19:14:45.634-0400][2334ms] GC(4) Humongous regions: 0->0
[2023-06-19T19:14:45.635-0400][2335ms] GC(4) Metaspace: 28003K->28003K(1077248K)
[2023-06-19T19:14:45.635-0400][2335ms] GC(4) Pause Young (Normal) (G1 Evacuation Pause) 73M->17M(192M) 17.674ms
[2023-06-19T19:14:45.635-0400][2335ms] GC(4) User=0.03s Sys=0.09s Real=0.02s
[2023-06-19T19:14:45.830-0400][2530ms] GC(5) Pause Young (Concurrent Start) (Metadata GC Threshold)
[2023-06-19T19:14:45.830-0400][2530ms] GC(5) Using 8 workers of 8 for evacuation
[2023-06-19T19:14:45.842-0400][2542ms] GC(5)   Pre Evacuate Collection Set: 0.0ms
[2023-06-19T19:14:45.842-0400][2542ms] GC(5)   Evacuate Collection Set: 9.2ms
[2023-06-19T19:14:45.842-0400][2542ms] GC(5)   Post Evacuate Collection Set: 2.6ms
[2023-06-19T19:14:45.842-0400][2542ms] GC(5)   Other: 0.3ms
[2023-06-19T19:14:45.842-0400][2542ms] GC(5) Eden regions: 49->0(93)
[2023-06-19T19:14:45.842-0400][2542ms] GC(5) Survivor regions: 9->8(13)
[2023-06-19T19:14:45.842-0400][2542ms] GC(5) Old regions: 9->13
[2023-06-19T19:14:45.842-0400][2542ms] GC(5) Humongous regions: 0->0
[2023-06-19T19:14:45.842-0400][2542ms] GC(5) Metaspace: 32002K->32002K(1081344K)
[2023-06-19T19:14:45.842-0400][2542ms] GC(5) Pause Young (Concurrent Start) (Metadata GC Threshold) 66M->20M(231M) 12.503ms
[2023-06-19T19:14:45.842-0400][2542ms] GC(5) User=0.00s Sys=0.00s Real=0.01s
[2023-06-19T19:14:45.842-0400][2542ms] GC(6) Concurrent Cycle
[2023-06-19T19:14:45.842-0400][2542ms] GC(6) Concurrent Clear Claimed Marks
[2023-06-19T19:14:45.843-0400][2543ms] GC(6) Concurrent Clear Claimed Marks 0.087ms
[2023-06-19T19:14:45.843-0400][2543ms] GC(6) Concurrent Scan Root Regions
[2023-06-19T19:14:45.846-0400][2546ms] GC(6) Concurrent Scan Root Regions 3.060ms
[2023-06-19T19:14:45.846-0400][2546ms] GC(6) Concurrent Mark (2.545s)
[2023-06-19T19:14:45.846-0400][2546ms] GC(6) Concurrent Mark From Roots
[2023-06-19T19:14:45.846-0400][2546ms] GC(6) Using 2 workers of 2 for marking
[2023-06-19T19:14:45.859-0400][2559ms] GC(6) Concurrent Mark From Roots 12.928ms
[2023-06-19T19:14:45.859-0400][2559ms] GC(6) Concurrent Preclean
[2023-06-19T19:14:45.859-0400][2559ms] GC(6) Concurrent Preclean 0.324ms
[2023-06-19T19:14:45.859-0400][2559ms] GC(6) Concurrent Mark (2.545s, 2.559s) 13.477ms
[2023-06-19T19:14:45.860-0400][2560ms] GC(6) Pause Remark
[2023-06-19T19:14:45.863-0400][2563ms] GC(6) Cleaned string and symbol table, strings: 15289 processed, 19 removed, symbols: 99165 processed, 26 removed
[2023-06-19T19:14:45.863-0400][2563ms] GC(6) Pause Remark 21M->21M(231M) 2.809ms
[2023-06-19T19:14:45.863-0400][2563ms] GC(6) User=0.00s Sys=0.00s Real=0.00s
[2023-06-19T19:14:45.863-0400][2563ms] GC(6) Concurrent Rebuild Remembered Sets
[2023-06-19T19:14:45.871-0400][2571ms] GC(6) Concurrent Rebuild Remembered Sets 8.232ms
[2023-06-19T19:14:45.872-0400][2572ms] GC(6) Pause Cleanup
[2023-06-19T19:14:45.872-0400][2572ms] GC(6) Pause Cleanup 21M->21M(231M) 0.112ms
[2023-06-19T19:14:45.872-0400][2572ms] GC(6) User=0.00s Sys=0.00s Real=0.00s
[2023-06-19T19:14:45.872-0400][2572ms] GC(6) Concurrent Cleanup for Next Mark
[2023-06-19T19:14:45.872-0400][2572ms] GC(6) Concurrent Cleanup for Next Mark 0.283ms
[2023-06-19T19:14:45.872-0400][2572ms] GC(6) Concurrent Cycle 29.886ms
[2023-06-19T19:14:46.559-0400][3259ms] GC(7) Pause Young (Normal) (G1 Evacuation Pause)
[2023-06-19T19:14:46.559-0400][3259ms] GC(7) Using 8 workers of 8 for evacuation
[2023-06-19T19:14:46.571-0400][3271ms] GC(7)   Pre Evacuate Collection Set: 0.0ms
[2023-06-19T19:14:46.571-0400][3271ms] GC(7)   Evacuate Collection Set: 10.0ms
[2023-06-19T19:14:46.571-0400][3271ms] GC(7)   Post Evacuate Collection Set: 1.8ms
[2023-06-19T19:14:46.571-0400][3271ms] GC(7)   Other: 0.3ms
[2023-06-19T19:14:46.572-0400][3272ms] GC(7) Eden regions: 94->0(118)
[2023-06-19T19:14:46.572-0400][3272ms] GC(7) Survivor regions: 8->8(13)
[2023-06-19T19:14:46.572-0400][3272ms] GC(7) Old regions: 13->18
[2023-06-19T19:14:46.572-0400][3272ms] GC(7) Humongous regions: 1->1
[2023-06-19T19:14:46.572-0400][3272ms] GC(7) Metaspace: 40692K->40692K(1089536K)
[2023-06-19T19:14:46.572-0400][3272ms] GC(7) Pause Young (Normal) (G1 Evacuation Pause) 115M->26M(231M) 12.500ms
[2023-06-19T19:14:46.572-0400][3272ms] GC(7) User=0.06s Sys=0.05s Real=0.01s
[2023-06-19T19:14:47.419-0400][4119ms] GC(8) Pause Young (Concurrent Start) (Metadata GC Threshold)
[2023-06-19T19:14:47.419-0400][4119ms] GC(8) Using 8 workers of 8 for evacuation
[2023-06-19T19:14:47.435-0400][4135ms] GC(8)   Pre Evacuate Collection Set: 0.1ms
[2023-06-19T19:14:47.435-0400][4135ms] GC(8)   Evacuate Collection Set: 12.9ms
[2023-06-19T19:14:47.435-0400][4135ms] GC(8)   Post Evacuate Collection Set: 2.4ms
[2023-06-19T19:14:47.435-0400][4135ms] GC(8)   Other: 0.3ms
[2023-06-19T19:14:47.435-0400][4135ms] GC(8) Eden regions: 103->0(123)
[2023-06-19T19:14:47.435-0400][4135ms] GC(8) Survivor regions: 8->15(16)
[2023-06-19T19:14:47.435-0400][4135ms] GC(8) Old regions: 18->18
[2023-06-19T19:14:47.435-0400][4135ms] GC(8) Humongous regions: 1->1
[2023-06-19T19:14:47.435-0400][4135ms] GC(8) Metaspace: 53322K->53322K(1099776K)
[2023-06-19T19:14:47.436-0400][4136ms] GC(8) Pause Young (Concurrent Start) (Metadata GC Threshold) 128M->33M(231M) 16.252ms
[2023-06-19T19:14:47.436-0400][4136ms] GC(8) User=0.13s Sys=0.00s Real=0.02s
[2023-06-19T19:14:47.436-0400][4136ms] GC(9) Concurrent Cycle
[2023-06-19T19:14:47.436-0400][4136ms] GC(9) Concurrent Clear Claimed Marks
[2023-06-19T19:14:47.436-0400][4136ms] GC(9) Concurrent Clear Claimed Marks 0.124ms
[2023-06-19T19:14:47.436-0400][4136ms] GC(9) Concurrent Scan Root Regions
[2023-06-19T19:14:47.447-0400][4147ms] GC(9) Concurrent Scan Root Regions 11.316ms
[2023-06-19T19:14:47.447-0400][4147ms] GC(9) Concurrent Mark (4.147s)
[2023-06-19T19:14:47.447-0400][4147ms] GC(9) Concurrent Mark From Roots
[2023-06-19T19:14:47.448-0400][4148ms] GC(9) Using 2 workers of 2 for marking
[2023-06-19T19:14:47.471-0400][4171ms] GC(9) Concurrent Mark From Roots 23.508ms
[2023-06-19T19:14:47.471-0400][4171ms] GC(9) Concurrent Preclean
[2023-06-19T19:14:47.472-0400][4172ms] GC(9) Concurrent Preclean 0.433ms
[2023-06-19T19:14:47.472-0400][4172ms] GC(9) Concurrent Mark (4.147s, 4.171s) 24.183ms
[2023-06-19T19:14:47.473-0400][4173ms] GC(9) Pause Remark
[2023-06-19T19:14:47.479-0400][4179ms] GC(9) Cleaned string and symbol table, strings: 26077 processed, 5 removed, symbols: 157909 processed, 107 removed
[2023-06-19T19:14:47.479-0400][4179ms] GC(9) Pause Remark 36M->36M(231M) 5.953ms
[2023-06-19T19:14:47.479-0400][4179ms] GC(9) User=0.00s Sys=0.00s Real=0.01s
[2023-06-19T19:14:47.479-0400][4179ms] GC(9) Concurrent Rebuild Remembered Sets
[2023-06-19T19:14:47.491-0400][4191ms] GC(9) Concurrent Rebuild Remembered Sets 11.943ms
[2023-06-19T19:14:47.491-0400][4191ms] GC(9) Pause Cleanup
[2023-06-19T19:14:47.492-0400][4192ms] GC(9) Pause Cleanup 36M->36M(231M) 0.167ms
[2023-06-19T19:14:47.492-0400][4192ms] GC(9) User=0.00s Sys=0.00s Real=0.00s
[2023-06-19T19:14:47.492-0400][4192ms] GC(9) Concurrent Cleanup for Next Mark
[2023-06-19T19:14:47.492-0400][4192ms] GC(9) Concurrent Cleanup for Next Mark 0.251ms
[2023-06-19T19:14:47.492-0400][4192ms] GC(9) Concurrent Cycle 56.319ms
[2023-06-19T19:14:50.642-0400][7342ms] GC(10) Pause Young (Concurrent Start) (G1 Evacuation Pause)
[2023-06-19T19:14:50.642-0400][7342ms] GC(10) Using 8 workers of 8 for evacuation
[2023-06-19T19:14:50.666-0400][7366ms] GC(10)   Pre Evacuate Collection Set: 0.1ms
[2023-06-19T19:14:50.666-0400][7366ms] GC(10)   Evacuate Collection Set: 21.6ms
[2023-06-19T19:14:50.666-0400][7366ms] GC(10)   Post Evacuate Collection Set: 2.6ms
[2023-06-19T19:14:50.666-0400][7366ms] GC(10)   Other: 0.4ms
[2023-06-19T19:14:50.666-0400][7366ms] GC(10) Eden regions: 123->0(114)
[2023-06-19T19:14:50.666-0400][7366ms] GC(10) Survivor regions: 15->18(18)
[2023-06-19T19:14:50.667-0400][7367ms] GC(10) Old regions: 18->31
[2023-06-19T19:14:50.667-0400][7367ms] GC(10) Humongous regions: 2->2
[2023-06-19T19:14:50.667-0400][7367ms] GC(10) Metaspace: 67731K->67731K(1114112K)
[2023-06-19T19:14:50.667-0400][7367ms] GC(10) Pause Young (Concurrent Start) (G1 Evacuation Pause) 157M->50M(231M) 25.052ms
[2023-06-19T19:14:50.667-0400][7367ms] GC(10) User=0.13s Sys=0.00s Real=0.03s
[2023-06-19T19:14:50.667-0400][7367ms] GC(11) Concurrent Cycle
[2023-06-19T19:14:50.667-0400][7367ms] GC(11) Concurrent Clear Claimed Marks
[2023-06-19T19:14:50.667-0400][7367ms] GC(11) Concurrent Clear Claimed Marks 0.131ms
[2023-06-19T19:14:50.667-0400][7367ms] GC(11) Concurrent Scan Root Regions
[2023-06-19T19:14:50.677-0400][7377ms] GC(11) Concurrent Scan Root Regions 9.835ms
[2023-06-19T19:14:50.677-0400][7377ms] GC(11) Concurrent Mark (7.377s)
[2023-06-19T19:14:50.677-0400][7377ms] GC(11) Concurrent Mark From Roots
[2023-06-19T19:14:50.677-0400][7377ms] GC(11) Using 2 workers of 2 for marking
[2023-06-19T19:14:50.719-0400][7419ms] GC(11) Concurrent Mark From Roots 42.088ms
[2023-06-19T19:14:50.719-0400][7419ms] GC(11) Concurrent Preclean
[2023-06-19T19:14:50.720-0400][7420ms] GC(11) Concurrent Preclean 0.601ms
[2023-06-19T19:14:50.720-0400][7420ms] GC(11) Concurrent Mark (7.377s, 7.420s) 42.897ms
[2023-06-19T19:14:50.720-0400][7420ms] GC(11) Pause Remark
[2023-06-19T19:14:50.728-0400][7428ms] GC(11) Cleaned string and symbol table, strings: 32797 processed, 0 removed, symbols: 198231 processed, 90 removed
[2023-06-19T19:14:50.728-0400][7428ms] GC(11) Pause Remark 53M->53M(231M) 8.197ms
[2023-06-19T19:14:50.728-0400][7428ms] GC(11) User=0.00s Sys=0.00s Real=0.01s
[2023-06-19T19:14:50.729-0400][7429ms] GC(11) Concurrent Rebuild Remembered Sets
[2023-06-19T19:14:50.750-0400][7450ms] GC(11) Concurrent Rebuild Remembered Sets 21.518ms
[2023-06-19T19:14:50.750-0400][7450ms] GC(11) Pause Cleanup
[2023-06-19T19:14:50.751-0400][7451ms] GC(11) Pause Cleanup 53M->53M(231M) 0.199ms
[2023-06-19T19:14:50.751-0400][7451ms] GC(11) User=0.00s Sys=0.00s Real=0.00s
[2023-06-19T19:14:50.751-0400][7451ms] GC(11) Concurrent Cleanup for Next Mark
[2023-06-19T19:14:50.751-0400][7451ms] GC(11) Concurrent Cleanup for Next Mark 0.224ms
[2023-06-19T19:14:50.751-0400][7451ms] GC(11) Concurrent Cycle 84.172ms
[2023-06-19T19:14:53.300-0400][10000ms] GC(12) Pause Young (Normal) (G1 Evacuation Pause)
[2023-06-19T19:14:53.300-0400][10000ms] GC(12) Using 8 workers of 8 for evacuation
[2023-06-19T19:14:53.338-0400][10038ms] GC(12)   Pre Evacuate Collection Set: 0.0ms
[2023-06-19T19:14:53.338-0400][10038ms] GC(12)   Evacuate Collection Set: 32.8ms
[2023-06-19T19:14:53.338-0400][10038ms] GC(12)   Post Evacuate Collection Set: 4.7ms
[2023-06-19T19:14:53.338-0400][10038ms] GC(12)   Other: 0.5ms
[2023-06-19T19:14:53.338-0400][10038ms] GC(12) Eden regions: 114->0(117)
[2023-06-19T19:14:53.338-0400][10038ms] GC(12) Survivor regions: 18->17(17)
[2023-06-19T19:14:53.338-0400][10038ms] GC(12) Old regions: 31->58
[2023-06-19T19:14:53.338-0400][10038ms] GC(12) Humongous regions: 3->3
[2023-06-19T19:14:53.339-0400][10039ms] GC(12) Metaspace: 68425K->68425K(1114112K)
[2023-06-19T19:14:53.339-0400][10039ms] GC(12) Pause Young (Normal) (G1 Evacuation Pause) 165M->77M(283M) 38.488ms
[2023-06-19T19:14:53.339-0400][10039ms] GC(12) User=0.20s Sys=0.03s Real=0.04s
[2023-06-19T19:14:54.084-0400][10784ms] GC(13) Pause Young (Normal) (G1 Evacuation Pause)
[2023-06-19T19:14:54.084-0400][10785ms] GC(13) Using 8 workers of 8 for evacuation
[2023-06-19T19:14:54.105-0400][10805ms] GC(13)   Pre Evacuate Collection Set: 0.0ms
[2023-06-19T19:14:54.105-0400][10805ms] GC(13)   Evacuate Collection Set: 18.8ms
[2023-06-19T19:14:54.106-0400][10806ms] GC(13)   Post Evacuate Collection Set: 1.9ms
[2023-06-19T19:14:54.106-0400][10806ms] GC(13)   Other: 0.3ms
[2023-06-19T19:14:54.106-0400][10806ms] GC(13) Eden regions: 117->0(118)
[2023-06-19T19:14:54.106-0400][10806ms] GC(13) Survivor regions: 17->8(17)
[2023-06-19T19:14:54.106-0400][10806ms] GC(13) Old regions: 58->76
[2023-06-19T19:14:54.106-0400][10806ms] GC(13) Humongous regions: 3->3
[2023-06-19T19:14:54.106-0400][10806ms] GC(13) Metaspace: 68631K->68631K(1116160K)
[2023-06-19T19:14:54.106-0400][10806ms] GC(13) Pause Young (Normal) (G1 Evacuation Pause) 194M->85M(283M) 21.403ms
[2023-06-19T19:14:54.106-0400][10806ms] GC(13) User=0.09s Sys=0.02s Real=0.02s
[2023-06-19T19:14:54.715-0400][11415ms] GC(14) Pause Young (Normal) (G1 Evacuation Pause)
[2023-06-19T19:14:54.715-0400][11415ms] GC(14) Using 8 workers of 8 for evacuation
[2023-06-19T19:14:54.728-0400][11428ms] GC(14)   Pre Evacuate Collection Set: 0.0ms
[2023-06-19T19:14:54.728-0400][11428ms] GC(14)   Evacuate Collection Set: 10.7ms
[2023-06-19T19:14:54.728-0400][11428ms] GC(14)   Post Evacuate Collection Set: 2.6ms
[2023-06-19T19:14:54.729-0400][11429ms] GC(14)   Other: 0.4ms
[2023-06-19T19:14:54.729-0400][11429ms] GC(14) Eden regions: 118->0(119)
[2023-06-19T19:14:54.729-0400][11429ms] GC(14) Survivor regions: 8->14(16)
[2023-06-19T19:14:54.729-0400][11429ms] GC(14) Old regions: 76->76
[2023-06-19T19:14:54.729-0400][11429ms] GC(14) Humongous regions: 3->3
[2023-06-19T19:14:54.729-0400][11429ms] GC(14) Metaspace: 68644K->68644K(1116160K)
[2023-06-19T19:14:54.729-0400][11429ms] GC(14) Pause Young (Normal) (G1 Evacuation Pause) 203M->91M(283M) 14.266ms
[2023-06-19T19:14:54.729-0400][11429ms] GC(14) User=0.13s Sys=0.00s Real=0.01s
[2023-06-19T19:14:55.402-0400][12102ms] GC(15) Pause Young (Normal) (G1 Evacuation Pause)
[2023-06-19T19:14:55.402-0400][12102ms] GC(15) Using 8 workers of 8 for evacuation
[2023-06-19T19:14:55.421-0400][12121ms] GC(15)   Pre Evacuate Collection Set: 0.0ms
[2023-06-19T19:14:55.421-0400][12121ms] GC(15)   Evacuate Collection Set: 17.6ms
[2023-06-19T19:14:55.421-0400][12121ms] GC(15)   Post Evacuate Collection Set: 1.6ms
[2023-06-19T19:14:55.421-0400][12121ms] GC(15)   Other: 0.4ms
[2023-06-19T19:14:55.422-0400][12122ms] GC(15) Eden regions: 119->0(119)
[2023-06-19T19:14:55.422-0400][12122ms] GC(15) Survivor regions: 14->14(17)
[2023-06-19T19:14:55.422-0400][12122ms] GC(15) Old regions: 76->82
[2023-06-19T19:14:55.422-0400][12122ms] GC(15) Humongous regions: 3->3
[2023-06-19T19:14:55.422-0400][12122ms] GC(15) Metaspace: 69063K->69063K(1116160K)
[2023-06-19T19:14:55.422-0400][12122ms] GC(15) Pause Young (Normal) (G1 Evacuation Pause) 210M->98M(283M) 20.046ms
[2023-06-19T19:14:55.422-0400][12122ms] GC(15) User=0.16s Sys=0.00s Real=0.02s
[2023-06-19T19:14:56.005-0400][12705ms] GC(16) Pause Young (Normal) (G1 Evacuation Pause)
[2023-06-19T19:14:56.005-0400][12705ms] GC(16) Using 8 workers of 8 for evacuation
[2023-06-19T19:14:56.027-0400][12727ms] GC(16)   Pre Evacuate Collection Set: 0.0ms
[2023-06-19T19:14:56.028-0400][12728ms] GC(16)   Evacuate Collection Set: 20.2ms
[2023-06-19T19:14:56.028-0400][12728ms] GC(16)   Post Evacuate Collection Set: 2.0ms
[2023-06-19T19:14:56.028-0400][12728ms] GC(16)   Other: 0.4ms
[2023-06-19T19:14:56.028-0400][12728ms] GC(16) Eden regions: 119->0(117)
[2023-06-19T19:14:56.028-0400][12728ms] GC(16) Survivor regions: 14->14(17)
[2023-06-19T19:14:56.028-0400][12728ms] GC(16) Old regions: 82->89
[2023-06-19T19:14:56.028-0400][12728ms] GC(16) Humongous regions: 3->3
[2023-06-19T19:14:56.028-0400][12728ms] GC(16) Metaspace: 70457K->70457K(1116160K)
[2023-06-19T19:14:56.028-0400][12728ms] GC(16) Pause Young (Normal) (G1 Evacuation Pause) 217M->105M(283M) 23.321ms
[2023-06-19T19:14:56.028-0400][12728ms] GC(16) User=0.13s Sys=0.00s Real=0.02s
[2023-06-19T19:14:56.474-0400][13174ms] GC(17) Pause Young (Normal) (G1 Evacuation Pause)
[2023-06-19T19:14:56.474-0400][13174ms] GC(17) Using 8 workers of 8 for evacuation
[2023-06-19T19:14:56.492-0400][13192ms] GC(17)   Pre Evacuate Collection Set: 0.0ms
[2023-06-19T19:14:56.492-0400][13192ms] GC(17)   Evacuate Collection Set: 15.0ms
[2023-06-19T19:14:56.492-0400][13192ms] GC(17)   Post Evacuate Collection Set: 3.4ms
[2023-06-19T19:14:56.492-0400][13192ms] GC(17)   Other: 0.3ms
[2023-06-19T19:14:56.492-0400][13192ms] GC(17) Eden regions: 117->0(141)
[2023-06-19T19:14:56.493-0400][13193ms] GC(17) Survivor regions: 14->14(17)
[2023-06-19T19:14:56.493-0400][13193ms] GC(17) Old regions: 89->96
[2023-06-19T19:14:56.493-0400][13193ms] GC(17) Humongous regions: 3->3
[2023-06-19T19:14:56.493-0400][13193ms] GC(17) Metaspace: 70460K->70460K(1116160K)
[2023-06-19T19:14:56.493-0400][13193ms] GC(17) Pause Young (Normal) (G1 Evacuation Pause) 222M->112M(340M) 19.064ms
[2023-06-19T19:14:56.493-0400][13193ms] GC(17) User=0.13s Sys=0.00s Real=0.02s
[2023-06-19T19:14:57.087-0400][13787ms] GC(18) Pause Young (Normal) (G1 Evacuation Pause)
[2023-06-19T19:14:57.088-0400][13788ms] GC(18) Using 8 workers of 8 for evacuation
[2023-06-19T19:14:57.109-0400][13809ms] GC(18)   Pre Evacuate Collection Set: 0.0ms
[2023-06-19T19:14:57.109-0400][13809ms] GC(18)   Evacuate Collection Set: 19.3ms
[2023-06-19T19:14:57.109-0400][13809ms] GC(18)   Post Evacuate Collection Set: 1.5ms
[2023-06-19T19:14:57.109-0400][13809ms] GC(18)   Other: 0.4ms
[2023-06-19T19:14:57.109-0400][13809ms] GC(18) Eden regions: 141->0(147)
[2023-06-19T19:14:57.109-0400][13809ms] GC(18) Survivor regions: 14->16(20)
[2023-06-19T19:14:57.109-0400][13809ms] GC(18) Old regions: 96->103
[2023-06-19T19:14:57.109-0400][13809ms] GC(18) Humongous regions: 3->3
[2023-06-19T19:14:57.109-0400][13809ms] GC(18) Metaspace: 70484K->70484K(1116160K)
[2023-06-19T19:14:57.109-0400][13809ms] GC(18) Pause Young (Normal) (G1 Evacuation Pause) 253M->121M(340M) 21.824ms
[2023-06-19T19:14:57.109-0400][13809ms] GC(18) User=0.19s Sys=0.00s Real=0.02s
[2023-06-19T19:14:57.607-0400][14307ms] GC(19) Pause Young (Normal) (G1 Evacuation Pause)
[2023-06-19T19:14:57.607-0400][14307ms] GC(19) Using 8 workers of 8 for evacuation
[2023-06-19T19:14:57.630-0400][14330ms] GC(19)   Pre Evacuate Collection Set: 0.0ms
[2023-06-19T19:14:57.630-0400][14330ms] GC(19)   Evacuate Collection Set: 20.3ms
[2023-06-19T19:14:57.630-0400][14330ms] GC(19)   Post Evacuate Collection Set: 1.8ms
[2023-06-19T19:14:57.630-0400][14330ms] GC(19)   Other: 0.4ms
[2023-06-19T19:14:57.630-0400][14330ms] GC(19) Eden regions: 147->0(143)
[2023-06-19T19:14:57.630-0400][14330ms] GC(19) Survivor regions: 16->18(21)
[2023-06-19T19:14:57.630-0400][14330ms] GC(19) Old regions: 103->110
[2023-06-19T19:14:57.630-0400][14330ms] GC(19) Humongous regions: 3->3
[2023-06-19T19:14:57.630-0400][14330ms] GC(19) Metaspace: 70489K->70489K(1116160K)
[2023-06-19T19:14:57.630-0400][14330ms] GC(19) Pause Young (Normal) (G1 Evacuation Pause) 268M->130M(340M) 22.900ms
[2023-06-19T19:14:57.630-0400][14330ms] GC(19) User=0.25s Sys=0.00s Real=0.02s
[2023-06-19T19:14:58.137-0400][14837ms] GC(20) Pause Young (Normal) (G1 Evacuation Pause)
[2023-06-19T19:14:58.137-0400][14837ms] GC(20) Using 8 workers of 8 for evacuation
[2023-06-19T19:14:58.156-0400][14856ms] GC(20)   Pre Evacuate Collection Set: 0.0ms
[2023-06-19T19:14:58.156-0400][14856ms] GC(20)   Evacuate Collection Set: 17.1ms
[2023-06-19T19:14:58.156-0400][14856ms] GC(20)   Post Evacuate Collection Set: 1.5ms
[2023-06-19T19:14:58.156-0400][14856ms] GC(20)   Other: 0.3ms
[2023-06-19T19:14:58.156-0400][14856ms] GC(20) Eden regions: 143->0(140)
[2023-06-19T19:14:58.156-0400][14856ms] GC(20) Survivor regions: 18->16(21)
[2023-06-19T19:14:58.156-0400][14856ms] GC(20) Old regions: 110->118
[2023-06-19T19:14:58.156-0400][14856ms] GC(20) Humongous regions: 4->4
[2023-06-19T19:14:58.156-0400][14856ms] GC(20) Metaspace: 70489K->70489K(1116160K)
[2023-06-19T19:14:58.156-0400][14856ms] GC(20) Pause Young (Normal) (G1 Evacuation Pause) 274M->138M(340M) 19.205ms
[2023-06-19T19:14:58.156-0400][14856ms] GC(20) User=0.14s Sys=0.00s Real=0.02s
[2023-06-19T19:14:58.537-0400][15237ms] GC(21) Pause Young (Normal) (G1 Evacuation Pause)
[2023-06-19T19:14:58.537-0400][15237ms] GC(21) Using 8 workers of 8 for evacuation
[2023-06-19T19:14:58.555-0400][15255ms] GC(21)   Pre Evacuate Collection Set: 0.0ms
[2023-06-19T19:14:58.555-0400][15255ms] GC(21)   Evacuate Collection Set: 16.6ms
[2023-06-19T19:14:58.555-0400][15255ms] GC(21)   Post Evacuate Collection Set: 1.5ms
[2023-06-19T19:14:58.555-0400][15255ms] GC(21)   Other: 0.2ms
[2023-06-19T19:14:58.555-0400][15255ms] GC(21) Eden regions: 140->0(136)
[2023-06-19T19:14:58.555-0400][15255ms] GC(21) Survivor regions: 16->16(20)
[2023-06-19T19:14:58.555-0400][15255ms] GC(21) Old regions: 118->126
[2023-06-19T19:14:58.555-0400][15255ms] GC(21) Humongous regions: 4->4
[2023-06-19T19:14:58.555-0400][15255ms] GC(21) Metaspace: 70492K->70492K(1116160K)
[2023-06-19T19:14:58.556-0400][15256ms] GC(21) Pause Young (Normal) (G1 Evacuation Pause) 278M->145M(340M) 18.672ms
[2023-06-19T19:14:58.556-0400][15256ms] GC(21) User=0.13s Sys=0.00s Real=0.02s
[2023-06-19T19:14:59.383-0400][16083ms] GC(22) Pause Young (Normal) (G1 Evacuation Pause)
[2023-06-19T19:14:59.383-0400][16083ms] GC(22) Using 8 workers of 8 for evacuation
[2023-06-19T19:14:59.406-0400][16106ms] GC(22)   Pre Evacuate Collection Set: 0.0ms
[2023-06-19T19:14:59.406-0400][16106ms] GC(22)   Evacuate Collection Set: 17.9ms
[2023-06-19T19:14:59.406-0400][16106ms] GC(22)   Post Evacuate Collection Set: 4.8ms
[2023-06-19T19:14:59.406-0400][16106ms] GC(22)   Other: 0.3ms
[2023-06-19T19:14:59.406-0400][16106ms] GC(22) Eden regions: 136->0(177)
[2023-06-19T19:14:59.406-0400][16106ms] GC(22) Survivor regions: 16->16(19)
[2023-06-19T19:14:59.406-0400][16106ms] GC(22) Old regions: 126->134
[2023-06-19T19:14:59.406-0400][16106ms] GC(22) Humongous regions: 4->4
[2023-06-19T19:14:59.406-0400][16106ms] GC(22) Metaspace: 71448K->71448K(1118208K)
[2023-06-19T19:14:59.406-0400][16106ms] GC(22) Pause Young (Normal) (G1 Evacuation Pause) 281M->153M(408M) 23.435ms
[2023-06-19T19:14:59.407-0400][16107ms] GC(22) User=0.16s Sys=0.02s Real=0.02s
[2023-06-19T19:15:01.658-0400][18358ms] GC(23) Pause Young (Normal) (G1 Evacuation Pause)
[2023-06-19T19:15:01.658-0400][18358ms] GC(23) Using 8 workers of 8 for evacuation
[2023-06-19T19:15:01.678-0400][18378ms] GC(23)   Pre Evacuate Collection Set: 0.0ms
[2023-06-19T19:15:01.678-0400][18378ms] GC(23)   Evacuate Collection Set: 16.9ms
[2023-06-19T19:15:01.678-0400][18378ms] GC(23)   Post Evacuate Collection Set: 2.5ms
[2023-06-19T19:15:01.678-0400][18378ms] GC(23)   Other: 0.4ms
[2023-06-19T19:15:01.678-0400][18378ms] GC(23) Eden regions: 177->0(172)
[2023-06-19T19:15:01.678-0400][18378ms] GC(23) Survivor regions: 16->18(25)
[2023-06-19T19:15:01.678-0400][18378ms] GC(23) Old regions: 134->142
[2023-06-19T19:15:01.678-0400][18378ms] GC(23) Humongous regions: 4->4
[2023-06-19T19:15:01.678-0400][18378ms] GC(23) Metaspace: 83318K->83318K(1128448K)
[2023-06-19T19:15:01.678-0400][18378ms] GC(23) Pause Young (Normal) (G1 Evacuation Pause) 330M->163M(408M) 20.293ms
[2023-06-19T19:15:01.678-0400][18378ms] GC(23) User=0.13s Sys=0.00s Real=0.02s
[2023-06-19T19:15:04.438-0400][21138ms] GC(24) Pause Young (Normal) (G1 Evacuation Pause)
[2023-06-19T19:15:04.438-0400][21138ms] GC(24) Using 8 workers of 8 for evacuation
[2023-06-19T19:15:04.451-0400][21151ms] GC(24)   Pre Evacuate Collection Set: 0.0ms
[2023-06-19T19:15:04.451-0400][21151ms] GC(24)   Evacuate Collection Set: 10.1ms
[2023-06-19T19:15:04.451-0400][21151ms] GC(24)   Post Evacuate Collection Set: 2.6ms
[2023-06-19T19:15:04.451-0400][21151ms] GC(24)   Other: 0.3ms
[2023-06-19T19:15:04.451-0400][21151ms] GC(24) Eden regions: 172->0(173)
[2023-06-19T19:15:04.451-0400][21151ms] GC(24) Survivor regions: 18->15(24)
[2023-06-19T19:15:04.452-0400][21152ms] GC(24) Old regions: 142->146
[2023-06-19T19:15:04.452-0400][21152ms] GC(24) Humongous regions: 4->4
[2023-06-19T19:15:04.452-0400][21152ms] GC(24) Metaspace: 94634K->94634K(1138688K)
[2023-06-19T19:15:04.452-0400][21152ms] GC(24) Pause Young (Normal) (G1 Evacuation Pause) 335M->164M(408M) 13.278ms
[2023-06-19T19:15:04.452-0400][21152ms] GC(24) User=0.00s Sys=0.02s Real=0.01s
[2023-06-19T19:15:04.667-0400][21367ms] GC(25) Pause Young (Normal) (G1 Evacuation Pause)
[2023-06-19T19:15:04.667-0400][21367ms] GC(25) Using 8 workers of 8 for evacuation
[2023-06-19T19:15:04.678-0400][21378ms] GC(25)   Pre Evacuate Collection Set: 0.0ms
[2023-06-19T19:15:04.678-0400][21378ms] GC(25)   Evacuate Collection Set: 8.1ms
[2023-06-19T19:15:04.678-0400][21378ms] GC(25)   Post Evacuate Collection Set: 2.6ms
[2023-06-19T19:15:04.678-0400][21378ms] GC(25)   Other: 0.4ms
[2023-06-19T19:15:04.678-0400][21379ms] GC(25) Eden regions: 173->0(178)
[2023-06-19T19:15:04.679-0400][21379ms] GC(25) Survivor regions: 15->8(24)
[2023-06-19T19:15:04.679-0400][21379ms] GC(25) Old regions: 146->153
[2023-06-19T19:15:04.679-0400][21379ms] GC(25) Humongous regions: 4->4
[2023-06-19T19:15:04.679-0400][21379ms] GC(25) Metaspace: 94641K->94641K(1138688K)
[2023-06-19T19:15:04.679-0400][21379ms] GC(25) Pause Young (Normal) (G1 Evacuation Pause) 337M->164M(408M) 11.417ms
[2023-06-19T19:15:04.679-0400][21379ms] GC(25) User=0.13s Sys=0.00s Real=0.01s
[2023-06-19T19:15:05.152-0400][21852ms] GC(26) Pause Young (Normal) (G1 Evacuation Pause)
[2023-06-19T19:15:05.152-0400][21852ms] GC(26) Using 8 workers of 8 for evacuation
[2023-06-19T19:15:05.159-0400][21859ms] GC(26)   Pre Evacuate Collection Set: 0.0ms
[2023-06-19T19:15:05.160-0400][21860ms] GC(26)   Evacuate Collection Set: 4.5ms
[2023-06-19T19:15:05.160-0400][21860ms] GC(26)   Post Evacuate Collection Set: 2.5ms
[2023-06-19T19:15:05.160-0400][21860ms] GC(26)   Other: 0.3ms
[2023-06-19T19:15:05.160-0400][21860ms] GC(26) Eden regions: 178->0(185)
[2023-06-19T19:15:05.160-0400][21860ms] GC(26) Survivor regions: 8->7(24)
[2023-06-19T19:15:05.160-0400][21860ms] GC(26) Old regions: 153->153
[2023-06-19T19:15:05.160-0400][21860ms] GC(26) Humongous regions: 4->4
[2023-06-19T19:15:05.160-0400][21860ms] GC(26) Metaspace: 94655K->94655K(1138688K)
[2023-06-19T19:15:05.160-0400][21860ms] GC(26) Pause Young (Normal) (G1 Evacuation Pause) 342M->163M(408M) 7.734ms
[2023-06-19T19:15:05.160-0400][21860ms] GC(26) User=0.11s Sys=0.00s Real=0.01s
[2023-06-19T19:15:05.373-0400][22073ms] GC(27) Pause Young (Normal) (G1 Evacuation Pause)
[2023-06-19T19:15:05.373-0400][22073ms] GC(27) Using 8 workers of 8 for evacuation
[2023-06-19T19:15:05.379-0400][22079ms] GC(27)   Pre Evacuate Collection Set: 0.0ms
[2023-06-19T19:15:05.379-0400][22079ms] GC(27)   Evacuate Collection Set: 3.6ms
[2023-06-19T19:15:05.379-0400][22079ms] GC(27)   Post Evacuate Collection Set: 2.4ms
[2023-06-19T19:15:05.380-0400][22080ms] GC(27)   Other: 0.3ms
[2023-06-19T19:15:05.380-0400][22080ms] GC(27) Eden regions: 185->0(189)
[2023-06-19T19:15:05.380-0400][22080ms] GC(27) Survivor regions: 7->6(24)
[2023-06-19T19:15:05.380-0400][22080ms] GC(27) Old regions: 153->153
[2023-06-19T19:15:05.380-0400][22080ms] GC(27) Humongous regions: 4->4
[2023-06-19T19:15:05.380-0400][22080ms] GC(27) Metaspace: 94662K->94662K(1138688K)
[2023-06-19T19:15:05.380-0400][22080ms] GC(27) Pause Young (Normal) (G1 Evacuation Pause) 348M->162M(408M) 6.815ms
[2023-06-19T19:15:05.380-0400][22080ms] GC(27) User=0.13s Sys=0.00s Real=0.01s
[2023-06-19T19:15:06.992-0400][23692ms] GC(28) Pause Young (Normal) (G1 Evacuation Pause)
[2023-06-19T19:15:06.992-0400][23692ms] GC(28) Using 8 workers of 8 for evacuation
[2023-06-19T19:15:07.000-0400][23700ms] GC(28)   Pre Evacuate Collection Set: 0.0ms
[2023-06-19T19:15:07.000-0400][23700ms] GC(28)   Evacuate Collection Set: 4.8ms
[2023-06-19T19:15:07.000-0400][23700ms] GC(28)   Post Evacuate Collection Set: 2.6ms
[2023-06-19T19:15:07.000-0400][23700ms] GC(28)   Other: 0.3ms
[2023-06-19T19:15:07.000-0400][23700ms] GC(28) Eden regions: 189->0(188)
[2023-06-19T19:15:07.000-0400][23700ms] GC(28) Survivor regions: 6->9(25)
[2023-06-19T19:15:07.000-0400][23700ms] GC(28) Old regions: 153->153
[2023-06-19T19:15:07.000-0400][23700ms] GC(28) Humongous regions: 4->4
[2023-06-19T19:15:07.000-0400][23700ms] GC(28) Metaspace: 97992K->97992K(1140736K)
[2023-06-19T19:15:07.000-0400][23700ms] GC(28) Pause Young (Normal) (G1 Evacuation Pause) 351M->164M(408M) 7.975ms
[2023-06-19T19:15:07.000-0400][23700ms] GC(28) User=0.03s Sys=0.00s Real=0.01s
[2023-06-19T19:15:07.431-0400][24131ms] GC(29) Pause Young (Normal) (G1 Evacuation Pause)
[2023-06-19T19:15:07.431-0400][24131ms] GC(29) Using 8 workers of 8 for evacuation
[2023-06-19T19:15:07.439-0400][24139ms] GC(29)   Pre Evacuate Collection Set: 0.0ms
[2023-06-19T19:15:07.439-0400][24139ms] GC(29)   Evacuate Collection Set: 4.6ms
[2023-06-19T19:15:07.439-0400][24139ms] GC(29)   Post Evacuate Collection Set: 2.6ms
[2023-06-19T19:15:07.439-0400][24139ms] GC(29)   Other: 0.3ms
[2023-06-19T19:15:07.439-0400][24139ms] GC(29) Eden regions: 188->0(190)
[2023-06-19T19:15:07.439-0400][24139ms] GC(29) Survivor regions: 9->7(25)
[2023-06-19T19:15:07.439-0400][24139ms] GC(29) Old regions: 153->153
[2023-06-19T19:15:07.439-0400][24139ms] GC(29) Humongous regions: 4->4
[2023-06-19T19:15:07.439-0400][24139ms] GC(29) Metaspace: 97993K->97993K(1140736K)
[2023-06-19T19:15:07.439-0400][24139ms] GC(29) Pause Young (Normal) (G1 Evacuation Pause) 352M->163M(408M) 7.982ms
[2023-06-19T19:15:07.439-0400][24139ms] GC(29) User=0.03s Sys=0.00s Real=0.01s
[2023-06-19T19:15:07.653-0400][24353ms] GC(30) Pause Young (Normal) (G1 Evacuation Pause)
[2023-06-19T19:15:07.653-0400][24353ms] GC(30) Using 8 workers of 8 for evacuation
[2023-06-19T19:15:07.660-0400][24360ms] GC(30)   Pre Evacuate Collection Set: 0.0ms
[2023-06-19T19:15:07.660-0400][24360ms] GC(30)   Evacuate Collection Set: 3.5ms
[2023-06-19T19:15:07.660-0400][24360ms] GC(30)   Post Evacuate Collection Set: 2.4ms
[2023-06-19T19:15:07.660-0400][24360ms] GC(30)   Other: 0.2ms
[2023-06-19T19:15:07.660-0400][24360ms] GC(30) Eden regions: 190->0(193)
[2023-06-19T19:15:07.660-0400][24360ms] GC(30) Survivor regions: 7->7(25)
[2023-06-19T19:15:07.660-0400][24360ms] GC(30) Old regions: 153->153
[2023-06-19T19:15:07.660-0400][24360ms] GC(30) Humongous regions: 4->4
[2023-06-19T19:15:07.660-0400][24360ms] GC(30) Metaspace: 97994K->97994K(1140736K)
[2023-06-19T19:15:07.660-0400][24360ms] GC(30) Pause Young (Normal) (G1 Evacuation Pause) 353M->163M(408M) 6.510ms
[2023-06-19T19:15:07.660-0400][24360ms] GC(30) User=0.13s Sys=0.00s Real=0.01s
[2023-06-19T19:15:09.374-0400][26074ms] GC(31) Pause Young (Normal) (G1 Evacuation Pause)
[2023-06-19T19:15:09.374-0400][26074ms] GC(31) Using 8 workers of 8 for evacuation
[2023-06-19T19:15:09.383-0400][26083ms] GC(31)   Pre Evacuate Collection Set: 0.0ms
[2023-06-19T19:15:09.383-0400][26083ms] GC(31)   Evacuate Collection Set: 6.2ms
[2023-06-19T19:15:09.383-0400][26083ms] GC(31)   Post Evacuate Collection Set: 2.6ms
[2023-06-19T19:15:09.383-0400][26083ms] GC(31)   Other: 0.3ms
[2023-06-19T19:15:09.383-0400][26083ms] GC(31) Eden regions: 193->0(191)
[2023-06-19T19:15:09.383-0400][26083ms] GC(31) Survivor regions: 7->9(25)
[2023-06-19T19:15:09.383-0400][26083ms] GC(31) Old regions: 153->153
[2023-06-19T19:15:09.383-0400][26083ms] GC(31) Humongous regions: 4->4
[2023-06-19T19:15:09.384-0400][26084ms] GC(31) Metaspace: 104135K->104135K(1146880K)
[2023-06-19T19:15:09.384-0400][26084ms] GC(31) Pause Young (Normal) (G1 Evacuation Pause) 356M->165M(408M) 9.497ms
[2023-06-19T19:15:09.384-0400][26084ms] GC(31) User=0.00s Sys=0.00s Real=0.01s
[2023-06-19T19:15:11.651-0400][28351ms] GC(32) Pause Young (Normal) (G1 Evacuation Pause)
[2023-06-19T19:15:11.651-0400][28351ms] GC(32) Using 8 workers of 8 for evacuation
[2023-06-19T19:15:11.666-0400][28366ms] GC(32)   Pre Evacuate Collection Set: 0.0ms
[2023-06-19T19:15:11.666-0400][28366ms] GC(32)   Evacuate Collection Set: 10.9ms
[2023-06-19T19:15:11.666-0400][28366ms] GC(32)   Post Evacuate Collection Set: 4.2ms
[2023-06-19T19:15:11.666-0400][28366ms] GC(32)   Other: 0.3ms
[2023-06-19T19:15:11.666-0400][28366ms] GC(32) Eden regions: 191->0(180)
[2023-06-19T19:15:11.666-0400][28366ms] GC(32) Survivor regions: 9->15(25)
[2023-06-19T19:15:11.666-0400][28366ms] GC(32) Old regions: 153->153
[2023-06-19T19:15:11.666-0400][28366ms] GC(32) Humongous regions: 4->4
[2023-06-19T19:15:11.667-0400][28367ms] GC(32) Metaspace: 113473K->113473K(1155072K)
[2023-06-19T19:15:11.667-0400][28367ms] GC(32) Pause Young (Normal) (G1 Evacuation Pause) 356M->171M(408M) 15.818ms
[2023-06-19T19:15:11.667-0400][28367ms] GC(32) User=0.13s Sys=0.00s Real=0.02s
[2023-06-19T19:15:12.724-0400][29424ms] GC(33) Pause Young (Concurrent Start) (Metadata GC Threshold)
[2023-06-19T19:15:12.724-0400][29424ms] GC(33) Using 8 workers of 8 for evacuation
[2023-06-19T19:15:12.744-0400][29444ms] GC(33)   Pre Evacuate Collection Set: 0.2ms
[2023-06-19T19:15:12.744-0400][29444ms] GC(33)   Evacuate Collection Set: 15.4ms
[2023-06-19T19:15:12.744-0400][29444ms] GC(33)   Post Evacuate Collection Set: 3.9ms
[2023-06-19T19:15:12.744-0400][29444ms] GC(33)   Other: 0.3ms
[2023-06-19T19:15:12.744-0400][29444ms] GC(33) Eden regions: 111->0(162)
[2023-06-19T19:15:12.744-0400][29444ms] GC(33) Survivor regions: 15->14(25)
[2023-06-19T19:15:12.744-0400][29444ms] GC(33) Old regions: 153->158
[2023-06-19T19:15:12.744-0400][29444ms] GC(33) Humongous regions: 4->4
[2023-06-19T19:15:12.744-0400][29444ms] GC(33) Metaspace: 116089K->116089K(1157120K)
[2023-06-19T19:15:12.745-0400][29445ms] GC(33) Pause Young (Concurrent Start) (Metadata GC Threshold) 282M->175M(408M) 20.163ms
[2023-06-19T19:15:12.745-0400][29445ms] GC(33) User=0.13s Sys=0.00s Real=0.02s
[2023-06-19T19:15:12.745-0400][29445ms] GC(34) Concurrent Cycle
[2023-06-19T19:15:12.745-0400][29445ms] GC(34) Concurrent Clear Claimed Marks
[2023-06-19T19:15:12.745-0400][29445ms] GC(34) Concurrent Clear Claimed Marks 0.178ms
[2023-06-19T19:15:12.745-0400][29445ms] GC(34) Concurrent Scan Root Regions
[2023-06-19T19:15:12.753-0400][29453ms] GC(34) Concurrent Scan Root Regions 7.763ms
[2023-06-19T19:15:12.753-0400][29453ms] GC(34) Concurrent Mark (29.452s)
[2023-06-19T19:15:12.753-0400][29453ms] GC(34) Concurrent Mark From Roots
[2023-06-19T19:15:12.753-0400][29453ms] GC(34) Using 2 workers of 2 for marking
[2023-06-19T19:15:12.867-0400][29567ms] GC(34) Concurrent Mark From Roots 114.084ms
[2023-06-19T19:15:12.867-0400][29567ms] GC(34) Concurrent Preclean
[2023-06-19T19:15:12.868-0400][29568ms] GC(34) Concurrent Preclean 0.740ms
[2023-06-19T19:15:12.868-0400][29568ms] GC(34) Concurrent Mark (29.452s, 29.567s) 115.086ms
[2023-06-19T19:15:12.868-0400][29568ms] GC(34) Pause Remark
[2023-06-19T19:15:12.888-0400][29588ms] GC(34) Cleaned string and symbol table, strings: 57908 processed, 127 removed, symbols: 322255 processed, 620 removed
[2023-06-19T19:15:12.888-0400][29588ms] GC(34) Pause Remark 179M->171M(408M) 19.782ms
[2023-06-19T19:15:12.888-0400][29588ms] GC(34) User=0.05s Sys=0.00s Real=0.02s
[2023-06-19T19:15:12.888-0400][29588ms] GC(34) Concurrent Rebuild Remembered Sets
[2023-06-19T19:15:12.959-0400][29659ms] GC(34) Concurrent Rebuild Remembered Sets 70.323ms
[2023-06-19T19:15:12.959-0400][29659ms] GC(34) Pause Cleanup
[2023-06-19T19:15:12.959-0400][29659ms] GC(34) Pause Cleanup 174M->174M(408M) 0.289ms
[2023-06-19T19:15:12.959-0400][29659ms] GC(34) User=0.00s Sys=0.00s Real=0.00s
[2023-06-19T19:15:12.960-0400][29660ms] GC(34) Concurrent Cleanup for Next Mark
[2023-06-19T19:15:12.960-0400][29660ms] GC(34) Concurrent Cleanup for Next Mark 0.323ms
[2023-06-19T19:15:12.960-0400][29660ms] GC(34) Concurrent Cycle 215.205ms
[2023-06-19T19:15:14.249-0400][30949ms] GC(35) Pause Young (Prepare Mixed) (G1 Evacuation Pause)
[2023-06-19T19:15:14.249-0400][30949ms] GC(35) Using 8 workers of 8 for evacuation
[2023-06-19T19:15:14.267-0400][30967ms] GC(35)   Pre Evacuate Collection Set: 0.0ms
[2023-06-19T19:15:14.267-0400][30967ms] GC(35)   Evacuate Collection Set: 14.6ms
[2023-06-19T19:15:14.268-0400][30968ms] GC(35)   Post Evacuate Collection Set: 3.0ms
[2023-06-19T19:15:14.268-0400][30968ms] GC(35)   Other: 0.4ms
[2023-06-19T19:15:14.268-0400][30968ms] GC(35) Eden regions: 162->0(6)
[2023-06-19T19:15:14.268-0400][30968ms] GC(35) Survivor regions: 14->14(22)
[2023-06-19T19:15:14.268-0400][30968ms] GC(35) Old regions: 151->155
[2023-06-19T19:15:14.268-0400][30968ms] GC(35) Humongous regions: 3->3
[2023-06-19T19:15:14.268-0400][30968ms] GC(35) Metaspace: 121391K->121391K(1163264K)
[2023-06-19T19:15:14.268-0400][30968ms] GC(35) Pause Young (Prepare Mixed) (G1 Evacuation Pause) 329M->171M(408M) 18.505ms
[2023-06-19T19:15:14.268-0400][30968ms] GC(35) User=0.03s Sys=0.00s Real=0.02s
[2023-06-19T19:15:14.287-0400][30987ms] GC(36) Pause Young (Mixed) (G1 Evacuation Pause)
[2023-06-19T19:15:14.287-0400][30987ms] GC(36) Using 8 workers of 8 for evacuation
[2023-06-19T19:15:14.301-0400][31001ms] GC(36)   Pre Evacuate Collection Set: 0.0ms
[2023-06-19T19:15:14.301-0400][31001ms] GC(36)   Evacuate Collection Set: 11.1ms
[2023-06-19T19:15:14.301-0400][31001ms] GC(36)   Post Evacuate Collection Set: 2.7ms
[2023-06-19T19:15:14.301-0400][31001ms] GC(36)   Other: 0.3ms
[2023-06-19T19:15:14.301-0400][31001ms] GC(36) Eden regions: 6->0(17)
[2023-06-19T19:15:14.301-0400][31001ms] GC(36) Survivor regions: 14->3(3)
[2023-06-19T19:15:14.301-0400][31001ms] GC(36) Old regions: 155->127
[2023-06-19T19:15:14.301-0400][31001ms] GC(36) Humongous regions: 3->3
[2023-06-19T19:15:14.301-0400][31001ms] GC(36) Metaspace: 121391K->121391K(1163264K)
[2023-06-19T19:15:14.301-0400][31001ms] GC(36) Pause Young (Mixed) (G1 Evacuation Pause) 177M->131M(408M) 14.480ms
[2023-06-19T19:15:14.301-0400][31001ms] GC(36) User=0.13s Sys=0.00s Real=0.01s
[2023-06-19T19:15:14.449-0400][31149ms] GC(37) Pause Young (Mixed) (G1 Evacuation Pause)
[2023-06-19T19:15:14.449-0400][31149ms] GC(37) Using 8 workers of 8 for evacuation
[2023-06-19T19:15:14.454-0400][31154ms] GC(37)   Pre Evacuate Collection Set: 0.0ms
[2023-06-19T19:15:14.455-0400][31155ms] GC(37)   Evacuate Collection Set: 3.0ms
[2023-06-19T19:15:14.455-0400][31155ms] GC(37)   Post Evacuate Collection Set: 2.3ms
[2023-06-19T19:15:14.455-0400][31155ms] GC(37)   Other: 0.4ms
[2023-06-19T19:15:14.455-0400][31155ms] GC(37) Eden regions: 17->0(199)
[2023-06-19T19:15:14.455-0400][31155ms] GC(37) Survivor regions: 3->1(3)
[2023-06-19T19:15:14.455-0400][31155ms] GC(37) Old regions: 127->124
[2023-06-19T19:15:14.455-0400][31155ms] GC(37) Humongous regions: 3->3
[2023-06-19T19:15:14.455-0400][31155ms] GC(37) Metaspace: 121780K->121780K(1163264K)
[2023-06-19T19:15:14.455-0400][31155ms] GC(37) Pause Young (Mixed) (G1 Evacuation Pause) 148M->127M(408M) 6.264ms
[2023-06-19T19:15:14.455-0400][31155ms] GC(37) User=0.06s Sys=0.00s Real=0.01s
[2023-06-19T19:15:17.739-0400][34439ms] GC(38) Pause Young (Concurrent Start) (G1 Evacuation Pause)
[2023-06-19T19:15:17.739-0400][34439ms] GC(38) Using 8 workers of 8 for evacuation
[2023-06-19T19:15:17.754-0400][34454ms] GC(38)   Pre Evacuate Collection Set: 0.2ms
[2023-06-19T19:15:17.754-0400][34454ms] GC(38)   Evacuate Collection Set: 10.4ms
[2023-06-19T19:15:17.754-0400][34454ms] GC(38)   Post Evacuate Collection Set: 3.3ms
[2023-06-19T19:15:17.754-0400][34454ms] GC(38)   Other: 0.5ms
[2023-06-19T19:15:17.754-0400][34454ms] GC(38) Eden regions: 199->0(193)
[2023-06-19T19:15:17.754-0400][34454ms] GC(38) Survivor regions: 1->11(25)
[2023-06-19T19:15:17.754-0400][34454ms] GC(38) Old regions: 124->124
[2023-06-19T19:15:17.754-0400][34454ms] GC(38) Humongous regions: 3->3
[2023-06-19T19:15:17.754-0400][34454ms] GC(38) Metaspace: 132865K->132865K(1173504K)
[2023-06-19T19:15:17.754-0400][34454ms] GC(38) Pause Young (Concurrent Start) (G1 Evacuation Pause) 326M->137M(408M) 14.796ms
[2023-06-19T19:15:17.754-0400][34454ms] GC(38) User=0.13s Sys=0.00s Real=0.01s
[2023-06-19T19:15:17.754-0400][34454ms] GC(39) Concurrent Cycle
[2023-06-19T19:15:17.754-0400][34454ms] GC(39) Concurrent Clear Claimed Marks
[2023-06-19T19:15:17.754-0400][34454ms] GC(39) Concurrent Clear Claimed Marks 0.201ms
[2023-06-19T19:15:17.754-0400][34454ms] GC(39) Concurrent Scan Root Regions
[2023-06-19T19:15:17.762-0400][34462ms] GC(39) Concurrent Scan Root Regions 7.692ms
[2023-06-19T19:15:17.762-0400][34462ms] GC(39) Concurrent Mark (34.462s)
[2023-06-19T19:15:17.762-0400][34462ms] GC(39) Concurrent Mark From Roots
[2023-06-19T19:15:17.762-0400][34462ms] GC(39) Using 2 workers of 2 for marking
[2023-06-19T19:15:17.929-0400][34629ms] GC(39) Concurrent Mark From Roots 166.961ms
[2023-06-19T19:15:17.929-0400][34629ms] GC(39) Concurrent Preclean
[2023-06-19T19:15:17.930-0400][34630ms] GC(39) Concurrent Preclean 0.737ms
[2023-06-19T19:15:17.930-0400][34630ms] GC(39) Concurrent Mark (34.462s, 34.630s) 167.961ms
[2023-06-19T19:15:17.931-0400][34631ms] GC(39) Pause Remark
[2023-06-19T19:15:17.944-0400][34644ms] GC(39) Cleaned string and symbol table, strings: 67919 processed, 744 removed, symbols: 361592 processed, 434 removed
[2023-06-19T19:15:17.945-0400][34645ms] GC(39) Pause Remark 144M->144M(408M) 14.109ms
[2023-06-19T19:15:17.945-0400][34645ms] GC(39) User=0.13s Sys=0.00s Real=0.01s
[2023-06-19T19:15:17.945-0400][34645ms] GC(39) Concurrent Rebuild Remembered Sets
[2023-06-19T19:15:18.039-0400][34739ms] GC(39) Concurrent Rebuild Remembered Sets 94.294ms
[2023-06-19T19:15:18.040-0400][34740ms] GC(39) Pause Cleanup
[2023-06-19T19:15:18.040-0400][34740ms] GC(39) Pause Cleanup 149M->149M(408M) 0.221ms
[2023-06-19T19:15:18.040-0400][34740ms] GC(39) User=0.00s Sys=0.00s Real=0.00s
[2023-06-19T19:15:18.040-0400][34740ms] GC(39) Concurrent Cleanup for Next Mark
[2023-06-19T19:15:18.041-0400][34741ms] GC(39) Concurrent Cleanup for Next Mark 0.476ms
[2023-06-19T19:15:18.041-0400][34741ms] GC(39) Concurrent Cycle 286.795ms
[2023-06-19T19:15:21.506-0400][38206ms] GC(40) Pause Young (Prepare Mixed) (G1 Evacuation Pause)
[2023-06-19T19:15:21.506-0400][38206ms] GC(40) Using 8 workers of 8 for evacuation
[2023-06-19T19:15:21.530-0400][38230ms] GC(40)   Pre Evacuate Collection Set: 0.0ms
[2023-06-19T19:15:21.530-0400][38230ms] GC(40)   Evacuate Collection Set: 21.2ms
[2023-06-19T19:15:21.530-0400][38230ms] GC(40)   Post Evacuate Collection Set: 2.8ms
[2023-06-19T19:15:21.530-0400][38230ms] GC(40)   Other: 0.3ms
[2023-06-19T19:15:21.530-0400][38230ms] GC(40) Eden regions: 193->0(1)
[2023-06-19T19:15:21.530-0400][38230ms] GC(40) Survivor regions: 11->26(26)
[2023-06-19T19:15:21.530-0400][38230ms] GC(40) Old regions: 124->144
[2023-06-19T19:15:21.530-0400][38230ms] GC(40) Humongous regions: 5->3
[2023-06-19T19:15:21.530-0400][38230ms] GC(40) Metaspace: 134411K->134411K(1175552K)
[2023-06-19T19:15:21.531-0400][38231ms] GC(40) Pause Young (Prepare Mixed) (G1 Evacuation Pause) 332M->172M(408M) 24.577ms
[2023-06-19T19:15:21.531-0400][38231ms] GC(40) User=0.14s Sys=0.00s Real=0.02s
[2023-06-19T19:15:21.534-0400][38234ms] GC(41) Pause Young (Mixed) (G1 Evacuation Pause)
[2023-06-19T19:15:21.534-0400][38234ms] GC(41) Using 8 workers of 8 for evacuation
[2023-06-19T19:15:21.551-0400][38251ms] GC(41)   Pre Evacuate Collection Set: 0.0ms
[2023-06-19T19:15:21.551-0400][38251ms] GC(41)   Evacuate Collection Set: 12.9ms
[2023-06-19T19:15:21.551-0400][38251ms] GC(41)   Post Evacuate Collection Set: 3.4ms
[2023-06-19T19:15:21.551-0400][38251ms] GC(41)   Other: 0.3ms
[2023-06-19T19:15:21.551-0400][38251ms] GC(41) Eden regions: 1->0(143)
[2023-06-19T19:15:21.551-0400][38251ms] GC(41) Survivor regions: 26->3(4)
[2023-06-19T19:15:21.551-0400][38251ms] GC(41) Old regions: 144->171
[2023-06-19T19:15:21.551-0400][38251ms] GC(41) Humongous regions: 3->3
[2023-06-19T19:15:21.551-0400][38251ms] GC(41) Metaspace: 134411K->134411K(1175552K)
[2023-06-19T19:15:21.551-0400][38251ms] GC(41) Pause Young (Mixed) (G1 Evacuation Pause) 173M->176M(408M) 16.862ms
[2023-06-19T19:15:21.551-0400][38251ms] GC(41) User=0.13s Sys=0.00s Real=0.02s
[2023-06-19T19:15:22.095-0400][38795ms] GC(42) Pause Young (Normal) (G1 Evacuation Pause)
[2023-06-19T19:15:22.095-0400][38795ms] GC(42) Using 8 workers of 8 for evacuation
[2023-06-19T19:15:22.107-0400][38807ms] GC(42)   Pre Evacuate Collection Set: 0.0ms
[2023-06-19T19:15:22.107-0400][38807ms] GC(42)   Evacuate Collection Set: 9.3ms
[2023-06-19T19:15:22.107-0400][38807ms] GC(42)   Post Evacuate Collection Set: 2.3ms
[2023-06-19T19:15:22.107-0400][38807ms] GC(42)   Other: 0.3ms
[2023-06-19T19:15:22.107-0400][38807ms] GC(42) Eden regions: 143->0(143)
[2023-06-19T19:15:22.107-0400][38807ms] GC(42) Survivor regions: 3->9(19)
[2023-06-19T19:15:22.107-0400][38807ms] GC(42) Old regions: 171->171
[2023-06-19T19:15:22.107-0400][38807ms] GC(42) Humongous regions: 3->3
[2023-06-19T19:15:22.108-0400][38808ms] GC(42) Metaspace: 134435K->134435K(1175552K)
[2023-06-19T19:15:22.108-0400][38808ms] GC(42) Pause Young (Normal) (G1 Evacuation Pause) 319M->181M(408M) 12.317ms
[2023-06-19T19:15:22.108-0400][38808ms] GC(42) User=0.00s Sys=0.00s Real=0.01s
[2023-06-19T19:15:22.528-0400][39228ms] GC(43) Pause Young (Normal) (G1 Evacuation Pause)
[2023-06-19T19:15:22.528-0400][39228ms] GC(43) Using 8 workers of 8 for evacuation
[2023-06-19T19:15:22.542-0400][39242ms] GC(43)   Pre Evacuate Collection Set: 0.0ms
[2023-06-19T19:15:22.542-0400][39242ms] GC(43)   Evacuate Collection Set: 11.3ms
[2023-06-19T19:15:22.542-0400][39242ms] GC(43)   Post Evacuate Collection Set: 2.3ms
[2023-06-19T19:15:22.542-0400][39242ms] GC(43)   Other: 0.2ms
[2023-06-19T19:15:22.542-0400][39242ms] GC(43) Eden regions: 143->0(140)
[2023-06-19T19:15:22.542-0400][39242ms] GC(43) Survivor regions: 9->17(19)
[2023-06-19T19:15:22.542-0400][39242ms] GC(43) Old regions: 171->171
[2023-06-19T19:15:22.542-0400][39242ms] GC(43) Humongous regions: 3->3
[2023-06-19T19:15:22.542-0400][39242ms] GC(43) Metaspace: 134436K->134436K(1175552K)
[2023-06-19T19:15:22.542-0400][39242ms] GC(43) Pause Young (Normal) (G1 Evacuation Pause) 324M->189M(408M) 14.145ms
[2023-06-19T19:15:22.542-0400][39242ms] GC(43) User=0.13s Sys=0.00s Real=0.01s
[2023-06-19T19:15:22.880-0400][39580ms] GC(44) Pause Young (Normal) (G1 Evacuation Pause)
[2023-06-19T19:15:22.880-0400][39580ms] GC(44) Using 8 workers of 8 for evacuation
[2023-06-19T19:15:22.898-0400][39598ms] GC(44)   Pre Evacuate Collection Set: 0.0ms
[2023-06-19T19:15:22.898-0400][39598ms] GC(44)   Evacuate Collection Set: 15.9ms
[2023-06-19T19:15:22.898-0400][39598ms] GC(44)   Post Evacuate Collection Set: 2.2ms
[2023-06-19T19:15:22.898-0400][39598ms] GC(44)   Other: 0.2ms
[2023-06-19T19:15:22.898-0400][39598ms] GC(44) Eden regions: 140->0(137)
[2023-06-19T19:15:22.898-0400][39598ms] GC(44) Survivor regions: 17->17(20)
[2023-06-19T19:15:22.898-0400][39598ms] GC(44) Old regions: 171->178
[2023-06-19T19:15:22.898-0400][39598ms] GC(44) Humongous regions: 3->3
[2023-06-19T19:15:22.898-0400][39598ms] GC(44) Metaspace: 134436K->134436K(1175552K)
[2023-06-19T19:15:22.898-0400][39598ms] GC(44) Pause Young (Normal) (G1 Evacuation Pause) 329M->197M(408M) 18.527ms
[2023-06-19T19:15:22.898-0400][39598ms] GC(44) User=0.13s Sys=0.00s Real=0.02s
[2023-06-19T19:15:23.179-0400][39879ms] GC(45) Pause Young (Normal) (G1 Evacuation Pause)
[2023-06-19T19:15:23.179-0400][39879ms] GC(45) Using 8 workers of 8 for evacuation
[2023-06-19T19:15:23.197-0400][39897ms] GC(45)   Pre Evacuate Collection Set: 0.0ms
[2023-06-19T19:15:23.197-0400][39897ms] GC(45)   Evacuate Collection Set: 15.5ms
[2023-06-19T19:15:23.197-0400][39897ms] GC(45)   Post Evacuate Collection Set: 2.2ms
[2023-06-19T19:15:23.197-0400][39897ms] GC(45)   Other: 0.3ms
[2023-06-19T19:15:23.197-0400][39897ms] GC(45) Eden regions: 137->0(134)
[2023-06-19T19:15:23.197-0400][39897ms] GC(45) Survivor regions: 17->16(20)
[2023-06-19T19:15:23.197-0400][39897ms] GC(45) Old regions: 178->186
[2023-06-19T19:15:23.197-0400][39897ms] GC(45) Humongous regions: 3->3
[2023-06-19T19:15:23.197-0400][39897ms] GC(45) Metaspace: 134436K->134436K(1175552K)
[2023-06-19T19:15:23.197-0400][39897ms] GC(45) Pause Young (Normal) (G1 Evacuation Pause) 334M->204M(408M) 18.199ms
[2023-06-19T19:15:23.197-0400][39897ms] GC(45) User=0.13s Sys=0.00s Real=0.02s
[2023-06-19T19:15:23.491-0400][40191ms] GC(46) Pause Young (Concurrent Start) (G1 Evacuation Pause)
[2023-06-19T19:15:23.491-0400][40191ms] GC(46) Using 8 workers of 8 for evacuation
[2023-06-19T19:15:23.509-0400][40209ms] GC(46)   Pre Evacuate Collection Set: 0.1ms
[2023-06-19T19:15:23.509-0400][40209ms] GC(46)   Evacuate Collection Set: 15.7ms
[2023-06-19T19:15:23.509-0400][40209ms] GC(46)   Post Evacuate Collection Set: 2.3ms
[2023-06-19T19:15:23.509-0400][40209ms] GC(46)   Other: 0.3ms
[2023-06-19T19:15:23.509-0400][40209ms] GC(46) Eden regions: 134->0(129)
[2023-06-19T19:15:23.509-0400][40209ms] GC(46) Survivor regions: 16->16(19)
[2023-06-19T19:15:23.509-0400][40209ms] GC(46) Old regions: 186->194
[2023-06-19T19:15:23.509-0400][40209ms] GC(46) Humongous regions: 3->3
[2023-06-19T19:15:23.510-0400][40210ms] GC(46) Metaspace: 134436K->134436K(1175552K)
[2023-06-19T19:15:23.510-0400][40210ms] GC(46) Pause Young (Concurrent Start) (G1 Evacuation Pause) 338M->212M(408M) 18.721ms
[2023-06-19T19:15:23.510-0400][40210ms] GC(46) User=0.13s Sys=0.00s Real=0.02s
[2023-06-19T19:15:23.510-0400][40210ms] GC(47) Concurrent Cycle
[2023-06-19T19:15:23.510-0400][40210ms] GC(47) Concurrent Clear Claimed Marks
[2023-06-19T19:15:23.510-0400][40210ms] GC(47) Concurrent Clear Claimed Marks 0.147ms
[2023-06-19T19:15:23.510-0400][40210ms] GC(47) Concurrent Scan Root Regions
[2023-06-19T19:15:23.517-0400][40217ms] GC(47) Concurrent Scan Root Regions 6.899ms
[2023-06-19T19:15:23.517-0400][40217ms] GC(47) Concurrent Mark (40.216s)
[2023-06-19T19:15:23.517-0400][40217ms] GC(47) Concurrent Mark From Roots
[2023-06-19T19:15:23.517-0400][40217ms] GC(47) Using 2 workers of 2 for marking
[2023-06-19T19:15:23.631-0400][40331ms] GC(47) Concurrent Mark From Roots 114.098ms
[2023-06-19T19:15:23.631-0400][40331ms] GC(47) Concurrent Preclean
[2023-06-19T19:15:23.632-0400][40332ms] GC(47) Concurrent Preclean 0.486ms
[2023-06-19T19:15:23.632-0400][40332ms] GC(47) Concurrent Mark (40.216s, 40.331s) 114.736ms
[2023-06-19T19:15:23.632-0400][40332ms] GC(47) Pause Remark
[2023-06-19T19:15:23.656-0400][40356ms] GC(47) Cleaned string and symbol table, strings: 68064 processed, 589 removed, symbols: 362287 processed, 28 removed
[2023-06-19T19:15:23.657-0400][40357ms] GC(47) Pause Remark 251M->251M(408M) 24.968ms
[2023-06-19T19:15:23.657-0400][40357ms] GC(47) User=0.14s Sys=0.00s Real=0.03s
[2023-06-19T19:15:23.657-0400][40357ms] GC(47) Concurrent Rebuild Remembered Sets
[2023-06-19T19:15:23.746-0400][40446ms] GC(47) Concurrent Rebuild Remembered Sets 88.796ms
[2023-06-19T19:15:23.746-0400][40446ms] GC(47) Pause Cleanup
[2023-06-19T19:15:23.747-0400][40447ms] GC(47) Pause Cleanup 274M->274M(408M) 0.245ms
[2023-06-19T19:15:23.747-0400][40447ms] GC(47) User=0.00s Sys=0.00s Real=0.00s
[2023-06-19T19:15:23.747-0400][40447ms] GC(47) Concurrent Cleanup for Next Mark
[2023-06-19T19:15:23.747-0400][40447ms] GC(47) Concurrent Cleanup for Next Mark 0.292ms
[2023-06-19T19:15:23.747-0400][40447ms] GC(47) Concurrent Cycle 237.432ms
[2023-06-19T19:15:23.880-0400][40580ms] GC(48) Pause Young (Prepare Mixed) (G1 Evacuation Pause)
[2023-06-19T19:15:23.880-0400][40580ms] GC(48) Using 8 workers of 8 for evacuation
[2023-06-19T19:15:23.898-0400][40598ms] GC(48)   Pre Evacuate Collection Set: 0.0ms
[2023-06-19T19:15:23.898-0400][40598ms] GC(48)   Evacuate Collection Set: 15.7ms
[2023-06-19T19:15:23.898-0400][40598ms] GC(48)   Post Evacuate Collection Set: 2.4ms
[2023-06-19T19:15:23.899-0400][40599ms] GC(48)   Other: 0.3ms
[2023-06-19T19:15:23.899-0400][40599ms] GC(48) Eden regions: 129->0(3)
[2023-06-19T19:15:23.899-0400][40599ms] GC(48) Survivor regions: 16->17(19)
[2023-06-19T19:15:23.899-0400][40599ms] GC(48) Old regions: 194->202
[2023-06-19T19:15:23.899-0400][40599ms] GC(48) Humongous regions: 3->3
[2023-06-19T19:15:23.899-0400][40599ms] GC(48) Metaspace: 134375K->134375K(1175552K)
[2023-06-19T19:15:23.899-0400][40599ms] GC(48) Pause Young (Prepare Mixed) (G1 Evacuation Pause) 341M->221M(408M) 18.667ms
[2023-06-19T19:15:23.899-0400][40599ms] GC(48) User=0.13s Sys=0.00s Real=0.02s
[2023-06-19T19:15:23.904-0400][40604ms] GC(49) Pause Young (Mixed) (G1 Evacuation Pause)
[2023-06-19T19:15:23.904-0400][40604ms] GC(49) Using 8 workers of 8 for evacuation
[2023-06-19T19:15:23.920-0400][40620ms] GC(49)   Pre Evacuate Collection Set: 0.0ms
[2023-06-19T19:15:23.920-0400][40620ms] GC(49)   Evacuate Collection Set: 13.2ms
[2023-06-19T19:15:23.920-0400][40620ms] GC(49)   Post Evacuate Collection Set: 2.4ms
[2023-06-19T19:15:23.920-0400][40620ms] GC(49)   Other: 0.3ms
[2023-06-19T19:15:23.920-0400][40620ms] GC(49) Eden regions: 3->0(135)
[2023-06-19T19:15:23.920-0400][40620ms] GC(49) Survivor regions: 17->3(3)
[2023-06-19T19:15:23.920-0400][40620ms] GC(49) Old regions: 202->200
[2023-06-19T19:15:23.921-0400][40621ms] GC(49) Humongous regions: 3->3
[2023-06-19T19:15:23.921-0400][40621ms] GC(49) Metaspace: 134375K->134375K(1175552K)
[2023-06-19T19:15:23.921-0400][40621ms] GC(49) Pause Young (Mixed) (G1 Evacuation Pause) 224M->205M(408M) 16.289ms
[2023-06-19T19:15:23.921-0400][40621ms] GC(49) User=0.13s Sys=0.00s Real=0.02s
[2023-06-19T19:15:24.214-0400][40914ms] GC(50) Pause Young (Concurrent Start) (G1 Evacuation Pause)
[2023-06-19T19:15:24.214-0400][40914ms] GC(50) Using 8 workers of 8 for evacuation
[2023-06-19T19:15:24.226-0400][40926ms] GC(50)   Pre Evacuate Collection Set: 0.1ms
[2023-06-19T19:15:24.226-0400][40926ms] GC(50)   Evacuate Collection Set: 9.0ms
[2023-06-19T19:15:24.226-0400][40926ms] GC(50)   Post Evacuate Collection Set: 2.2ms
[2023-06-19T19:15:24.226-0400][40926ms] GC(50)   Other: 0.2ms
[2023-06-19T19:15:24.226-0400][40926ms] GC(50) Eden regions: 135->0(132)
[2023-06-19T19:15:24.226-0400][40926ms] GC(50) Survivor regions: 3->8(18)
[2023-06-19T19:15:24.226-0400][40926ms] GC(50) Old regions: 200->200
[2023-06-19T19:15:24.226-0400][40926ms] GC(50) Humongous regions: 4->4
[2023-06-19T19:15:24.226-0400][40926ms] GC(50) Metaspace: 134375K->134375K(1175552K)
[2023-06-19T19:15:24.226-0400][40926ms] GC(50) Pause Young (Concurrent Start) (G1 Evacuation Pause) 341M->211M(408M) 11.911ms
[2023-06-19T19:15:24.226-0400][40926ms] GC(50) User=0.11s Sys=0.00s Real=0.01s
[2023-06-19T19:15:24.226-0400][40926ms] GC(51) Concurrent Cycle
[2023-06-19T19:15:24.226-0400][40926ms] GC(51) Concurrent Clear Claimed Marks
[2023-06-19T19:15:24.226-0400][40926ms] GC(51) Concurrent Clear Claimed Marks 0.143ms
[2023-06-19T19:15:24.226-0400][40926ms] GC(51) Concurrent Scan Root Regions
[2023-06-19T19:15:24.230-0400][40930ms] GC(51) Concurrent Scan Root Regions 3.966ms
[2023-06-19T19:15:24.230-0400][40930ms] GC(51) Concurrent Mark (40.929s)
[2023-06-19T19:15:24.230-0400][40930ms] GC(51) Concurrent Mark From Roots
[2023-06-19T19:15:24.231-0400][40931ms] GC(51) Using 2 workers of 2 for marking
[2023-06-19T19:15:24.359-0400][41059ms] GC(51) Concurrent Mark From Roots 128.021ms
[2023-06-19T19:15:24.359-0400][41059ms] GC(51) Concurrent Preclean
[2023-06-19T19:15:24.359-0400][41059ms] GC(51) Concurrent Preclean 0.460ms
[2023-06-19T19:15:24.359-0400][41059ms] GC(51) Concurrent Mark (40.929s, 41.058s) 128.639ms
[2023-06-19T19:15:24.359-0400][41059ms] GC(51) Pause Remark
[2023-06-19T19:15:24.370-0400][41070ms] GC(51) Cleaned string and symbol table, strings: 67475 processed, 0 removed, symbols: 362259 processed, 37 removed
[2023-06-19T19:15:24.370-0400][41070ms] GC(51) Pause Remark 263M->254M(408M) 10.875ms
[2023-06-19T19:15:24.370-0400][41070ms] GC(51) User=0.00s Sys=0.00s Real=0.01s
[2023-06-19T19:15:24.371-0400][41071ms] GC(51) Concurrent Rebuild Remembered Sets
[2023-06-19T19:15:24.451-0400][41151ms] GC(51) Concurrent Rebuild Remembered Sets 80.453ms
[2023-06-19T19:15:24.452-0400][41152ms] GC(51) Pause Cleanup
[2023-06-19T19:15:24.452-0400][41152ms] GC(51) Pause Cleanup 284M->284M(408M) 0.205ms
[2023-06-19T19:15:24.452-0400][41152ms] GC(51) User=0.00s Sys=0.00s Real=0.00s
[2023-06-19T19:15:24.452-0400][41152ms] GC(51) Concurrent Cleanup for Next Mark
[2023-06-19T19:15:24.452-0400][41152ms] GC(51) Concurrent Cleanup for Next Mark 0.299ms
[2023-06-19T19:15:24.452-0400][41152ms] GC(51) Concurrent Cycle 226.007ms
[2023-06-19T19:15:24.563-0400][41263ms] GC(52) Pause Young (Prepare Mixed) (G1 Evacuation Pause)
[2023-06-19T19:15:24.563-0400][41263ms] GC(52) Using 8 workers of 8 for evacuation
[2023-06-19T19:15:24.576-0400][41276ms] GC(52)   Pre Evacuate Collection Set: 0.0ms
[2023-06-19T19:15:24.576-0400][41276ms] GC(52)   Evacuate Collection Set: 10.4ms
[2023-06-19T19:15:24.576-0400][41276ms] GC(52)   Post Evacuate Collection Set: 2.4ms
[2023-06-19T19:15:24.576-0400][41276ms] GC(52)   Other: 0.3ms
[2023-06-19T19:15:24.576-0400][41276ms] GC(52) Eden regions: 132->0(5)
[2023-06-19T19:15:24.576-0400][41276ms] GC(52) Survivor regions: 8->15(18)
[2023-06-19T19:15:24.576-0400][41276ms] GC(52) Old regions: 192->192
[2023-06-19T19:15:24.576-0400][41276ms] GC(52) Humongous regions: 3->3
[2023-06-19T19:15:24.576-0400][41276ms] GC(52) Metaspace: 134375K->134375K(1175552K)
[2023-06-19T19:15:24.576-0400][41276ms] GC(52) Pause Young (Prepare Mixed) (G1 Evacuation Pause) 334M->209M(408M) 13.371ms
[2023-06-19T19:15:24.576-0400][41276ms] GC(52) User=0.00s Sys=0.00s Real=0.01s
[2023-06-19T19:15:24.586-0400][41286ms] GC(53) Pause Young (Mixed) (G1 Evacuation Pause)
[2023-06-19T19:15:24.587-0400][41287ms] GC(53) Using 8 workers of 8 for evacuation
[2023-06-19T19:15:24.600-0400][41300ms] GC(53)   Pre Evacuate Collection Set: 0.0ms
[2023-06-19T19:15:24.600-0400][41300ms] GC(53)   Evacuate Collection Set: 10.5ms
[2023-06-19T19:15:24.600-0400][41300ms] GC(53)   Post Evacuate Collection Set: 2.3ms
[2023-06-19T19:15:24.600-0400][41300ms] GC(53)   Other: 0.3ms
[2023-06-19T19:15:24.600-0400][41300ms] GC(53) Eden regions: 5->0(143)
[2023-06-19T19:15:24.600-0400][41300ms] GC(53) Survivor regions: 15->2(3)
[2023-06-19T19:15:24.600-0400][41300ms] GC(53) Old regions: 192->189
[2023-06-19T19:15:24.600-0400][41300ms] GC(53) Humongous regions: 3->3
[2023-06-19T19:15:24.600-0400][41300ms] GC(53) Metaspace: 134398K->134398K(1175552K)
[2023-06-19T19:15:24.600-0400][41300ms] GC(53) Pause Young (Mixed) (G1 Evacuation Pause) 214M->192M(408M) 13.454ms
[2023-06-19T19:15:24.600-0400][41300ms] GC(53) User=0.13s Sys=0.00s Real=0.01s
[2023-06-19T19:15:25.053-0400][41753ms] GC(54) Pause Young (Normal) (G1 Evacuation Pause)
[2023-06-19T19:15:25.053-0400][41753ms] GC(54) Using 8 workers of 8 for evacuation
[2023-06-19T19:15:25.063-0400][41763ms] GC(54)   Pre Evacuate Collection Set: 0.0ms
[2023-06-19T19:15:25.063-0400][41763ms] GC(54)   Evacuate Collection Set: 8.2ms
[2023-06-19T19:15:25.063-0400][41763ms] GC(54)   Post Evacuate Collection Set: 2.3ms
[2023-06-19T19:15:25.063-0400][41763ms] GC(54)   Other: 0.2ms
[2023-06-19T19:15:25.064-0400][41764ms] GC(54) Eden regions: 143->0(139)
[2023-06-19T19:15:25.064-0400][41764ms] GC(54) Survivor regions: 2->10(19)
[2023-06-19T19:15:25.064-0400][41764ms] GC(54) Old regions: 189->189
[2023-06-19T19:15:25.064-0400][41764ms] GC(54) Humongous regions: 3->3
[2023-06-19T19:15:25.064-0400][41764ms] GC(54) Metaspace: 134402K->134402K(1175552K)
[2023-06-19T19:15:25.064-0400][41764ms] GC(54) Pause Young (Normal) (G1 Evacuation Pause) 335M->200M(408M) 11.050ms
[2023-06-19T19:15:25.064-0400][41764ms] GC(54) User=0.02s Sys=0.00s Real=0.01s
[2023-06-19T19:15:26.576-0400][43276ms] GC(55) Pause Young (Normal) (G1 Evacuation Pause)
[2023-06-19T19:15:26.576-0400][43276ms] GC(55) Using 8 workers of 8 for evacuation
[2023-06-19T19:15:26.587-0400][43287ms] GC(55)   Pre Evacuate Collection Set: 0.0ms
[2023-06-19T19:15:26.587-0400][43287ms] GC(55)   Evacuate Collection Set: 8.2ms
[2023-06-19T19:15:26.587-0400][43287ms] GC(55)   Post Evacuate Collection Set: 2.7ms
[2023-06-19T19:15:26.587-0400][43287ms] GC(55)   Other: 0.4ms
[2023-06-19T19:15:26.587-0400][43287ms] GC(55) Eden regions: 139->0(135)
[2023-06-19T19:15:26.587-0400][43287ms] GC(55) Survivor regions: 10->16(19)
[2023-06-19T19:15:26.587-0400][43287ms] GC(55) Old regions: 189->189
[2023-06-19T19:15:26.587-0400][43287ms] GC(55) Humongous regions: 3->3
[2023-06-19T19:15:26.587-0400][43287ms] GC(55) Metaspace: 135497K->135497K(1175552K)
[2023-06-19T19:15:26.587-0400][43287ms] GC(55) Pause Young (Normal) (G1 Evacuation Pause) 339M->207M(408M) 11.623ms
[2023-06-19T19:15:26.587-0400][43287ms] GC(55) User=0.13s Sys=0.00s Real=0.01s
[2023-06-19T19:15:28.442-0400][45142ms] GC(56) Pause Young (Normal) (G1 Evacuation Pause)
[2023-06-19T19:15:28.442-0400][45142ms] GC(56) Using 8 workers of 8 for evacuation
[2023-06-19T19:15:28.452-0400][45152ms] GC(56)   Pre Evacuate Collection Set: 0.0ms
[2023-06-19T19:15:28.452-0400][45152ms] GC(56)   Evacuate Collection Set: 6.0ms
[2023-06-19T19:15:28.452-0400][45152ms] GC(56)   Post Evacuate Collection Set: 4.1ms
[2023-06-19T19:15:28.452-0400][45152ms] GC(56)   Other: 0.2ms
[2023-06-19T19:15:28.452-0400][45152ms] GC(56) Eden regions: 135->0(192)
[2023-06-19T19:15:28.452-0400][45152ms] GC(56) Survivor regions: 16->10(19)
[2023-06-19T19:15:28.452-0400][45152ms] GC(56) Old regions: 189->191
[2023-06-19T19:15:28.452-0400][45152ms] GC(56) Humongous regions: 3->3
[2023-06-19T19:15:28.452-0400][45152ms] GC(56) Metaspace: 136702K->136702K(1177600K)
[2023-06-19T19:15:28.452-0400][45152ms] GC(56) Pause Young (Normal) (G1 Evacuation Pause) 342M->202M(494M) 10.668ms
[2023-06-19T19:15:28.452-0400][45152ms] GC(56) User=0.00s Sys=0.00s Real=0.01s
[2023-06-19T19:15:28.676-0400][45376ms] GC(57) Pause Young (Normal) (G1 Evacuation Pause)
[2023-06-19T19:15:28.676-0400][45376ms] GC(57) Using 8 workers of 8 for evacuation
[2023-06-19T19:15:28.682-0400][45382ms] GC(57)   Pre Evacuate Collection Set: 0.0ms
[2023-06-19T19:15:28.682-0400][45382ms] GC(57)   Evacuate Collection Set: 3.9ms
[2023-06-19T19:15:28.682-0400][45382ms] GC(57)   Post Evacuate Collection Set: 2.4ms
[2023-06-19T19:15:28.682-0400][45382ms] GC(57)   Other: 0.2ms
[2023-06-19T19:15:28.682-0400][45382ms] GC(57) Eden regions: 192->0(200)
[2023-06-19T19:15:28.682-0400][45382ms] GC(57) Survivor regions: 10->9(26)
[2023-06-19T19:15:28.682-0400][45382ms] GC(57) Old regions: 191->191
[2023-06-19T19:15:28.682-0400][45382ms] GC(57) Humongous regions: 3->3
[2023-06-19T19:15:28.682-0400][45382ms] GC(57) Metaspace: 136702K->136702K(1177600K)
[2023-06-19T19:15:28.683-0400][45383ms] GC(57) Pause Young (Normal) (G1 Evacuation Pause) 394M->202M(494M) 6.843ms
[2023-06-19T19:15:28.683-0400][45383ms] GC(57) User=0.00s Sys=0.00s Real=0.01s
[2023-06-19T19:15:29.021-0400][45721ms] GC(58) Pause Young (Normal) (G1 Evacuation Pause)
[2023-06-19T19:15:29.021-0400][45721ms] GC(58) Using 8 workers of 8 for evacuation
[2023-06-19T19:15:29.027-0400][45727ms] GC(58)   Pre Evacuate Collection Set: 0.0ms
[2023-06-19T19:15:29.027-0400][45727ms] GC(58)   Evacuate Collection Set: 3.6ms
[2023-06-19T19:15:29.027-0400][45727ms] GC(58)   Post Evacuate Collection Set: 2.4ms
[2023-06-19T19:15:29.027-0400][45727ms] GC(58)   Other: 0.2ms
[2023-06-19T19:15:29.027-0400][45727ms] GC(58) Eden regions: 200->0(206)
[2023-06-19T19:15:29.028-0400][45728ms] GC(58) Survivor regions: 9->8(27)
[2023-06-19T19:15:29.028-0400][45728ms] GC(58) Old regions: 191->191
[2023-06-19T19:15:29.028-0400][45728ms] GC(58) Humongous regions: 3->3
[2023-06-19T19:15:29.028-0400][45728ms] GC(58) Metaspace: 136702K->136702K(1177600K)
[2023-06-19T19:15:29.028-0400][45728ms] GC(58) Pause Young (Normal) (G1 Evacuation Pause) 402M->201M(494M) 6.551ms
[2023-06-19T19:15:29.028-0400][45728ms] GC(58) User=0.00s Sys=0.00s Real=0.01s
[2023-06-19T19:15:30.173-0400][46873ms] GC(59) Pause Young (Normal) (G1 Evacuation Pause)
[2023-06-19T19:15:30.173-0400][46873ms] GC(59) Using 8 workers of 8 for evacuation
[2023-06-19T19:15:30.180-0400][46880ms] GC(59)   Pre Evacuate Collection Set: 0.0ms
[2023-06-19T19:15:30.180-0400][46880ms] GC(59)   Evacuate Collection Set: 4.0ms
[2023-06-19T19:15:30.180-0400][46880ms] GC(59)   Post Evacuate Collection Set: 2.2ms
[2023-06-19T19:15:30.180-0400][46880ms] GC(59)   Other: 0.2ms
[2023-06-19T19:15:30.180-0400][46880ms] GC(59) Eden regions: 206->0(211)
[2023-06-19T19:15:30.180-0400][46880ms] GC(59) Survivor regions: 8->9(27)
[2023-06-19T19:15:30.180-0400][46880ms] GC(59) Old regions: 191->191
[2023-06-19T19:15:30.180-0400][46880ms] GC(59) Humongous regions: 3->3
[2023-06-19T19:15:30.180-0400][46880ms] GC(59) Metaspace: 136736K->136736K(1177600K)
[2023-06-19T19:15:30.180-0400][46880ms] GC(59) Pause Young (Normal) (G1 Evacuation Pause) 407M->201M(494M) 6.667ms
[2023-06-19T19:15:30.180-0400][46880ms] GC(59) User=0.00s Sys=0.00s Real=0.01s
[2023-06-19T19:15:30.507-0400][47207ms] GC(60) Pause Young (Normal) (G1 Evacuation Pause)
[2023-06-19T19:15:30.507-0400][47207ms] GC(60) Using 8 workers of 8 for evacuation
[2023-06-19T19:15:30.514-0400][47214ms] GC(60)   Pre Evacuate Collection Set: 0.0ms
[2023-06-19T19:15:30.514-0400][47214ms] GC(60)   Evacuate Collection Set: 4.3ms
[2023-06-19T19:15:30.514-0400][47214ms] GC(60)   Post Evacuate Collection Set: 2.7ms
[2023-06-19T19:15:30.514-0400][47214ms] GC(60)   Other: 0.2ms
[2023-06-19T19:15:30.514-0400][47214ms] GC(60) Eden regions: 211->0(219)
[2023-06-19T19:15:30.514-0400][47214ms] GC(60) Survivor regions: 9->9(28)
[2023-06-19T19:15:30.514-0400][47214ms] GC(60) Old regions: 191->191
[2023-06-19T19:15:30.514-0400][47214ms] GC(60) Humongous regions: 3->3
[2023-06-19T19:15:30.514-0400][47214ms] GC(60) Metaspace: 136736K->136736K(1177600K)
[2023-06-19T19:15:30.514-0400][47214ms] GC(60) Pause Young (Normal) (G1 Evacuation Pause) 412M->201M(494M) 7.487ms
[2023-06-19T19:15:30.514-0400][47214ms] GC(60) User=0.00s Sys=0.00s Real=0.01s
[2023-06-19T19:15:30.876-0400][47576ms] GC(61) Pause Young (Normal) (G1 Evacuation Pause)
[2023-06-19T19:15:30.876-0400][47576ms] GC(61) Using 8 workers of 8 for evacuation
[2023-06-19T19:15:30.882-0400][47582ms] GC(61)   Pre Evacuate Collection Set: 0.0ms
[2023-06-19T19:15:30.882-0400][47582ms] GC(61)   Evacuate Collection Set: 3.8ms
[2023-06-19T19:15:30.882-0400][47582ms] GC(61)   Post Evacuate Collection Set: 2.4ms
[2023-06-19T19:15:30.882-0400][47582ms] GC(61)   Other: 0.2ms
[2023-06-19T19:15:30.882-0400][47582ms] GC(61) Eden regions: 219->0(223)
[2023-06-19T19:15:30.882-0400][47582ms] GC(61) Survivor regions: 9->8(29)
[2023-06-19T19:15:30.882-0400][47582ms] GC(61) Old regions: 191->191
[2023-06-19T19:15:30.882-0400][47582ms] GC(61) Humongous regions: 3->3
[2023-06-19T19:15:30.882-0400][47582ms] GC(61) Metaspace: 136736K->136736K(1177600K)
[2023-06-19T19:15:30.882-0400][47582ms] GC(61) Pause Young (Normal) (G1 Evacuation Pause) 420M->201M(494M) 6.732ms
[2023-06-19T19:15:30.882-0400][47582ms] GC(61) User=0.00s Sys=0.00s Real=0.01s
[2023-06-19T19:15:31.831-0400][48531ms] GC(62) Pause Young (Normal) (G1 Evacuation Pause)
[2023-06-19T19:15:31.831-0400][48531ms] GC(62) Using 8 workers of 8 for evacuation
[2023-06-19T19:15:31.841-0400][48541ms] GC(62)   Pre Evacuate Collection Set: 0.0ms
[2023-06-19T19:15:31.841-0400][48541ms] GC(62)   Evacuate Collection Set: 6.8ms
[2023-06-19T19:15:31.841-0400][48541ms] GC(62)   Post Evacuate Collection Set: 3.0ms
[2023-06-19T19:15:31.841-0400][48541ms] GC(62)   Other: 0.4ms
[2023-06-19T19:15:31.841-0400][48541ms] GC(62) Eden regions: 223->0(223)
[2023-06-19T19:15:31.841-0400][48541ms] GC(62) Survivor regions: 8->11(29)
[2023-06-19T19:15:31.841-0400][48541ms] GC(62) Old regions: 191->191
[2023-06-19T19:15:31.841-0400][48541ms] GC(62) Humongous regions: 3->3
[2023-06-19T19:15:31.841-0400][48541ms] GC(62) Metaspace: 138837K->138837K(1177600K)
[2023-06-19T19:15:31.841-0400][48541ms] GC(62) Pause Young (Normal) (G1 Evacuation Pause) 424M->203M(494M) 10.737ms
[2023-06-19T19:15:31.841-0400][48541ms] GC(62) User=0.00s Sys=0.00s Real=0.01s
[2023-06-19T19:15:34.616-0400][51316ms] GC(63) Pause Young (Normal) (G1 Evacuation Pause)
[2023-06-19T19:15:34.616-0400][51316ms] GC(63) Using 8 workers of 8 for evacuation
[2023-06-19T19:15:34.636-0400][51336ms] GC(63)   Pre Evacuate Collection Set: 0.0ms
[2023-06-19T19:15:34.636-0400][51336ms] GC(63)   Evacuate Collection Set: 15.2ms
[2023-06-19T19:15:34.636-0400][51336ms] GC(63)   Post Evacuate Collection Set: 4.3ms
[2023-06-19T19:15:34.636-0400][51336ms] GC(63)   Other: 0.3ms
[2023-06-19T19:15:34.636-0400][51336ms] GC(63) Eden regions: 223->0(218)
[2023-06-19T19:15:34.636-0400][51336ms] GC(63) Survivor regions: 11->15(30)
[2023-06-19T19:15:34.636-0400][51336ms] GC(63) Old regions: 191->191
[2023-06-19T19:15:34.636-0400][51336ms] GC(63) Humongous regions: 3->3
[2023-06-19T19:15:34.636-0400][51336ms] GC(63) Metaspace: 150088K->150088K(1187840K)
[2023-06-19T19:15:34.636-0400][51336ms] GC(63) Pause Young (Normal) (G1 Evacuation Pause) 426M->208M(494M) 20.218ms
[2023-06-19T19:15:34.636-0400][51336ms] GC(63) User=0.13s Sys=0.00s Real=0.02s
[2023-06-19T19:15:36.783-0400][53483ms] GC(64) Pause Young (Normal) (G1 Evacuation Pause)
[2023-06-19T19:15:36.783-0400][53483ms] GC(64) Using 8 workers of 8 for evacuation
[2023-06-19T19:15:36.806-0400][53506ms] GC(64)   Pre Evacuate Collection Set: 0.0ms
[2023-06-19T19:15:36.806-0400][53506ms] GC(64)   Evacuate Collection Set: 18.1ms
[2023-06-19T19:15:36.806-0400][53506ms] GC(64)   Post Evacuate Collection Set: 3.9ms
[2023-06-19T19:15:36.806-0400][53506ms] GC(64)   Other: 0.3ms
[2023-06-19T19:15:36.806-0400][53506ms] GC(64) Eden regions: 218->0(206)
[2023-06-19T19:15:36.806-0400][53506ms] GC(64) Survivor regions: 15->22(30)
[2023-06-19T19:15:36.806-0400][53506ms] GC(64) Old regions: 191->191
[2023-06-19T19:15:36.806-0400][53506ms] GC(64) Humongous regions: 3->3
[2023-06-19T19:15:36.806-0400][53506ms] GC(64) Metaspace: 157342K->157342K(1196032K)
[2023-06-19T19:15:36.806-0400][53506ms] GC(64) Pause Young (Normal) (G1 Evacuation Pause) 426M->215M(494M) 22.693ms
[2023-06-19T19:15:36.806-0400][53506ms] GC(64) User=0.13s Sys=0.00s Real=0.02s
[2023-06-19T19:15:38.267-0400][54967ms] GC(65) Pause Young (Normal) (G1 Evacuation Pause)
[2023-06-19T19:15:38.267-0400][54967ms] GC(65) Using 8 workers of 8 for evacuation
[2023-06-19T19:15:38.288-0400][54988ms] GC(65)   Pre Evacuate Collection Set: 0.0ms
[2023-06-19T19:15:38.288-0400][54988ms] GC(65)   Evacuate Collection Set: 17.0ms
[2023-06-19T19:15:38.288-0400][54988ms] GC(65)   Post Evacuate Collection Set: 3.9ms
[2023-06-19T19:15:38.288-0400][54988ms] GC(65)   Other: 0.4ms
[2023-06-19T19:15:38.288-0400][54988ms] GC(65) Eden regions: 206->0(203)
[2023-06-19T19:15:38.288-0400][54988ms] GC(65) Survivor regions: 22->20(29)
[2023-06-19T19:15:38.288-0400][54988ms] GC(65) Old regions: 191->198
[2023-06-19T19:15:38.288-0400][54988ms] GC(65) Humongous regions: 3->3
[2023-06-19T19:15:38.288-0400][54988ms] GC(65) Metaspace: 161043K->161043K(1198080K)
[2023-06-19T19:15:38.288-0400][54988ms] GC(65) Pause Young (Normal) (G1 Evacuation Pause) 421M->220M(494M) 21.767ms
[2023-06-19T19:15:38.289-0400][54989ms] GC(65) User=0.13s Sys=0.00s Real=0.02s
[2023-06-19T19:15:42.939-0400][59639ms] GC(66) Pause Young (Normal) (G1 Evacuation Pause)
[2023-06-19T19:15:42.940-0400][59640ms] GC(66) Using 8 workers of 8 for evacuation
[2023-06-19T19:15:42.967-0400][59667ms] GC(66)   Pre Evacuate Collection Set: 0.0ms
[2023-06-19T19:15:42.967-0400][59667ms] GC(66)   Evacuate Collection Set: 24.4ms
[2023-06-19T19:15:42.967-0400][59667ms] GC(66)   Post Evacuate Collection Set: 3.2ms
[2023-06-19T19:15:42.968-0400][59668ms] GC(66)   Other: 0.3ms
[2023-06-19T19:15:42.968-0400][59668ms] GC(66) Eden regions: 203->0(149)
[2023-06-19T19:15:42.968-0400][59668ms] GC(66) Survivor regions: 20->28(28)
[2023-06-19T19:15:42.968-0400][59668ms] GC(66) Old regions: 198->221
[2023-06-19T19:15:42.968-0400][59668ms] GC(66) Humongous regions: 4->4
[2023-06-19T19:15:42.968-0400][59668ms] GC(66) Metaspace: 162288K->162288K(1200128K)
[2023-06-19T19:15:42.968-0400][59668ms] GC(66) Pause Young (Normal) (G1 Evacuation Pause) 424M->253M(494M) 28.259ms
[2023-06-19T19:15:42.968-0400][59668ms] GC(66) User=0.14s Sys=0.00s Real=0.03s
[2023-06-19T19:15:43.439-0400][60139ms] GC(67) Pause Young (Normal) (G1 Evacuation Pause)
[2023-06-19T19:15:43.439-0400][60139ms] GC(67) Using 8 workers of 8 for evacuation
[2023-06-19T19:15:43.462-0400][60162ms] GC(67)   Pre Evacuate Collection Set: 0.0ms
[2023-06-19T19:15:43.462-0400][60162ms] GC(67)   Evacuate Collection Set: 19.3ms
[2023-06-19T19:15:43.462-0400][60162ms] GC(67)   Post Evacuate Collection Set: 2.8ms
[2023-06-19T19:15:43.462-0400][60162ms] GC(67)   Other: 0.3ms
[2023-06-19T19:15:43.462-0400][60162ms] GC(67) Eden regions: 149->0(141)
[2023-06-19T19:15:43.462-0400][60162ms] GC(67) Survivor regions: 28->11(23)
[2023-06-19T19:15:43.462-0400][60162ms] GC(67) Old regions: 221->251
[2023-06-19T19:15:43.462-0400][60162ms] GC(67) Humongous regions: 4->4
[2023-06-19T19:15:43.462-0400][60162ms] GC(67) Metaspace: 162301K->162301K(1200128K)
[2023-06-19T19:15:43.462-0400][60162ms] GC(67) Pause Young (Normal) (G1 Evacuation Pause) 402M->264M(494M) 22.703ms
[2023-06-19T19:15:43.462-0400][60162ms] GC(67) User=0.13s Sys=0.00s Real=0.02s
[2023-06-19T19:15:43.791-0400][60491ms] GC(68) Pause Young (Normal) (G1 Evacuation Pause)
[2023-06-19T19:15:43.791-0400][60491ms] GC(68) Using 8 workers of 8 for evacuation
[2023-06-19T19:15:43.805-0400][60505ms] GC(68)   Pre Evacuate Collection Set: 0.0ms
[2023-06-19T19:15:43.805-0400][60505ms] GC(68)   Evacuate Collection Set: 11.9ms
[2023-06-19T19:15:43.805-0400][60505ms] GC(68)   Post Evacuate Collection Set: 2.4ms
[2023-06-19T19:15:43.805-0400][60505ms] GC(68)   Other: 0.3ms
[2023-06-19T19:15:43.805-0400][60505ms] GC(68) Eden regions: 141->0(140)
[2023-06-19T19:15:43.805-0400][60505ms] GC(68) Survivor regions: 11->17(19)
[2023-06-19T19:15:43.805-0400][60505ms] GC(68) Old regions: 251->251
[2023-06-19T19:15:43.805-0400][60505ms] GC(68) Humongous regions: 4->4
[2023-06-19T19:15:43.805-0400][60505ms] GC(68) Metaspace: 162301K->162301K(1200128K)
[2023-06-19T19:15:43.805-0400][60505ms] GC(68) Pause Young (Normal) (G1 Evacuation Pause) 405M->271M(494M) 14.801ms
[2023-06-19T19:15:43.805-0400][60505ms] GC(68) User=0.13s Sys=0.00s Real=0.01s
[2023-06-19T19:15:44.117-0400][60817ms] GC(69) Pause Young (Normal) (G1 Evacuation Pause)
[2023-06-19T19:15:44.118-0400][60818ms] GC(69) Using 8 workers of 8 for evacuation
[2023-06-19T19:15:44.135-0400][60835ms] GC(69)   Pre Evacuate Collection Set: 0.1ms
[2023-06-19T19:15:44.135-0400][60835ms] GC(69)   Evacuate Collection Set: 15.2ms
[2023-06-19T19:15:44.135-0400][60835ms] GC(69)   Post Evacuate Collection Set: 2.4ms
[2023-06-19T19:15:44.135-0400][60835ms] GC(69)   Other: 0.4ms
[2023-06-19T19:15:44.136-0400][60836ms] GC(69) Eden regions: 140->0(137)
[2023-06-19T19:15:44.136-0400][60836ms] GC(69) Survivor regions: 17->16(20)
[2023-06-19T19:15:44.136-0400][60836ms] GC(69) Old regions: 251->259
[2023-06-19T19:15:44.136-0400][60836ms] GC(69) Humongous regions: 4->4
[2023-06-19T19:15:44.136-0400][60836ms] GC(69) Metaspace: 162301K->162301K(1200128K)
[2023-06-19T19:15:44.136-0400][60836ms] GC(69) Pause Young (Normal) (G1 Evacuation Pause) 411M->278M(494M) 18.226ms
[2023-06-19T19:15:44.136-0400][60836ms] GC(69) User=0.13s Sys=0.00s Real=0.02s
[2023-06-19T19:15:44.413-0400][61113ms] GC(70) Pause Young (Normal) (G1 Evacuation Pause)
[2023-06-19T19:15:44.413-0400][61113ms] GC(70) Using 8 workers of 8 for evacuation
[2023-06-19T19:15:44.431-0400][61131ms] GC(70)   Pre Evacuate Collection Set: 0.0ms
[2023-06-19T19:15:44.431-0400][61131ms] GC(70)   Evacuate Collection Set: 15.2ms
[2023-06-19T19:15:44.431-0400][61131ms] GC(70)   Post Evacuate Collection Set: 2.4ms
[2023-06-19T19:15:44.431-0400][61131ms] GC(70)   Other: 0.3ms
[2023-06-19T19:15:44.431-0400][61131ms] GC(70) Eden regions: 137->0(132)
[2023-06-19T19:15:44.431-0400][61131ms] GC(70) Survivor regions: 16->16(20)
[2023-06-19T19:15:44.431-0400][61131ms] GC(70) Old regions: 259->267
[2023-06-19T19:15:44.431-0400][61131ms] GC(70) Humongous regions: 4->4
[2023-06-19T19:15:44.431-0400][61131ms] GC(70) Metaspace: 162301K->162301K(1200128K)
[2023-06-19T19:15:44.431-0400][61131ms] GC(70) Pause Young (Normal) (G1 Evacuation Pause) 415M->286M(494M) 18.163ms
[2023-06-19T19:15:44.431-0400][61131ms] GC(70) User=0.13s Sys=0.00s Real=0.02s
[2023-06-19T19:15:44.750-0400][61450ms] GC(71) Pause Young (Normal) (G1 Evacuation Pause)
[2023-06-19T19:15:44.750-0400][61450ms] GC(71) Using 8 workers of 8 for evacuation
[2023-06-19T19:15:44.767-0400][61467ms] GC(71)   Pre Evacuate Collection Set: 0.0ms
[2023-06-19T19:15:44.767-0400][61467ms] GC(71)   Evacuate Collection Set: 14.0ms
[2023-06-19T19:15:44.767-0400][61467ms] GC(71)   Post Evacuate Collection Set: 2.6ms
[2023-06-19T19:15:44.767-0400][61467ms] GC(71)   Other: 0.2ms
[2023-06-19T19:15:44.767-0400][61467ms] GC(71) Eden regions: 132->0(128)
[2023-06-19T19:15:44.767-0400][61467ms] GC(71) Survivor regions: 16->15(19)
[2023-06-19T19:15:44.767-0400][61467ms] GC(71) Old regions: 267->275
[2023-06-19T19:15:44.768-0400][61468ms] GC(71) Humongous regions: 4->4
[2023-06-19T19:15:44.768-0400][61468ms] GC(71) Metaspace: 162320K->162320K(1200128K)
[2023-06-19T19:15:44.768-0400][61468ms] GC(71) Pause Young (Normal) (G1 Evacuation Pause) 418M->293M(494M) 17.253ms
[2023-06-19T19:15:44.768-0400][61468ms] GC(71) User=0.13s Sys=0.00s Real=0.02s
[2023-06-19T19:15:45.048-0400][61748ms] GC(72) Pause Young (Normal) (G1 Evacuation Pause)
[2023-06-19T19:15:45.048-0400][61748ms] GC(72) Using 8 workers of 8 for evacuation
[2023-06-19T19:15:45.066-0400][61766ms] GC(72)   Pre Evacuate Collection Set: 0.0ms
[2023-06-19T19:15:45.066-0400][61766ms] GC(72)   Evacuate Collection Set: 15.1ms
[2023-06-19T19:15:45.066-0400][61766ms] GC(72)   Post Evacuate Collection Set: 2.3ms
[2023-06-19T19:15:45.066-0400][61766ms] GC(72)   Other: 0.2ms
[2023-06-19T19:15:45.066-0400][61766ms] GC(72) Eden regions: 128->0(118)
[2023-06-19T19:15:45.066-0400][61766ms] GC(72) Survivor regions: 15->18(18)
[2023-06-19T19:15:45.066-0400][61766ms] GC(72) Old regions: 275->282
[2023-06-19T19:15:45.066-0400][61766ms] GC(72) Humongous regions: 4->4
[2023-06-19T19:15:45.066-0400][61766ms] GC(72) Metaspace: 162325K->162325K(1200128K)
[2023-06-19T19:15:45.066-0400][61766ms] GC(72) Pause Young (Normal) (G1 Evacuation Pause) 421M->303M(494M) 17.950ms
[2023-06-19T19:15:45.066-0400][61766ms] GC(72) User=0.13s Sys=0.00s Real=0.02s
[2023-06-19T19:15:45.335-0400][62035ms] GC(73) Pause Young (Normal) (G1 Evacuation Pause)
[2023-06-19T19:15:45.335-0400][62035ms] GC(73) Using 8 workers of 8 for evacuation
[2023-06-19T19:15:45.353-0400][62053ms] GC(73)   Pre Evacuate Collection Set: 0.0ms
[2023-06-19T19:15:45.353-0400][62053ms] GC(73)   Evacuate Collection Set: 14.8ms
[2023-06-19T19:15:45.353-0400][62053ms] GC(73)   Post Evacuate Collection Set: 2.5ms
[2023-06-19T19:15:45.353-0400][62053ms] GC(73)   Other: 0.2ms
[2023-06-19T19:15:45.353-0400][62053ms] GC(73) Eden regions: 118->0(115)
[2023-06-19T19:15:45.353-0400][62053ms] GC(73) Survivor regions: 18->7(17)
[2023-06-19T19:15:45.353-0400][62053ms] GC(73) Old regions: 282->298
[2023-06-19T19:15:45.353-0400][62053ms] GC(73) Humongous regions: 11->4
[2023-06-19T19:15:45.353-0400][62053ms] GC(73) Metaspace: 162325K->162325K(1200128K)
[2023-06-19T19:15:45.353-0400][62053ms] GC(73) Pause Young (Normal) (G1 Evacuation Pause) 428M->309M(494M) 17.793ms
[2023-06-19T19:15:45.353-0400][62053ms] GC(73) User=0.13s Sys=0.00s Real=0.02s
[2023-06-19T19:15:45.652-0400][62352ms] GC(74) Pause Young (Concurrent Start) (G1 Evacuation Pause)
[2023-06-19T19:15:45.652-0400][62352ms] GC(74) Using 8 workers of 8 for evacuation
[2023-06-19T19:15:45.665-0400][62365ms] GC(74)   Pre Evacuate Collection Set: 0.1ms
[2023-06-19T19:15:45.665-0400][62365ms] GC(74)   Evacuate Collection Set: 9.8ms
[2023-06-19T19:15:45.665-0400][62365ms] GC(74)   Post Evacuate Collection Set: 2.4ms
[2023-06-19T19:15:45.665-0400][62365ms] GC(74)   Other: 0.2ms
[2023-06-19T19:15:45.665-0400][62365ms] GC(74) Eden regions: 115->0(110)
[2023-06-19T19:15:45.665-0400][62365ms] GC(74) Survivor regions: 7->14(16)
[2023-06-19T19:15:45.665-0400][62365ms] GC(74) Old regions: 298->298
[2023-06-19T19:15:45.665-0400][62365ms] GC(74) Humongous regions: 4->4
[2023-06-19T19:15:45.665-0400][62365ms] GC(74) Metaspace: 162325K->162325K(1200128K)
[2023-06-19T19:15:45.665-0400][62365ms] GC(74) Pause Young (Concurrent Start) (G1 Evacuation Pause) 424M->315M(494M) 12.890ms
[2023-06-19T19:15:45.665-0400][62365ms] GC(74) User=0.13s Sys=0.00s Real=0.01s
[2023-06-19T19:15:45.665-0400][62365ms] GC(75) Concurrent Cycle
[2023-06-19T19:15:45.665-0400][62365ms] GC(75) Concurrent Clear Claimed Marks
[2023-06-19T19:15:45.666-0400][62366ms] GC(75) Concurrent Clear Claimed Marks 0.156ms
[2023-06-19T19:15:45.666-0400][62366ms] GC(75) Concurrent Scan Root Regions
[2023-06-19T19:15:45.671-0400][62371ms] GC(75) Concurrent Scan Root Regions 5.714ms
[2023-06-19T19:15:45.671-0400][62371ms] GC(75) Concurrent Mark (62.371s)
[2023-06-19T19:15:45.671-0400][62371ms] GC(75) Concurrent Mark From Roots
[2023-06-19T19:15:45.671-0400][62371ms] GC(75) Using 2 workers of 2 for marking
[2023-06-19T19:15:45.849-0400][62549ms] GC(75) Concurrent Mark From Roots 177.231ms
[2023-06-19T19:15:45.849-0400][62549ms] GC(75) Concurrent Preclean
[2023-06-19T19:15:45.849-0400][62549ms] GC(75) Concurrent Preclean 0.503ms
[2023-06-19T19:15:45.849-0400][62549ms] GC(75) Concurrent Mark (62.371s, 62.549s) 177.892ms
[2023-06-19T19:15:45.850-0400][62550ms] GC(75) Pause Remark
[2023-06-19T19:15:45.862-0400][62562ms] GC(75) Cleaned string and symbol table, strings: 69091 processed, 820 removed, symbols: 364118 processed, 883 removed
[2023-06-19T19:15:45.862-0400][62562ms] GC(75) Pause Remark 378M->375M(494M) 12.722ms
[2023-06-19T19:15:45.863-0400][62563ms] GC(75) User=0.13s Sys=0.00s Real=0.01s
[2023-06-19T19:15:45.863-0400][62563ms] GC(75) Concurrent Rebuild Remembered Sets
[2023-06-19T19:15:45.978-0400][62678ms] GC(75) Concurrent Rebuild Remembered Sets 115.502ms
[2023-06-19T19:15:45.979-0400][62679ms] GC(75) Pause Cleanup
[2023-06-19T19:15:45.979-0400][62679ms] GC(75) Pause Cleanup 415M->415M(494M) 0.252ms
[2023-06-19T19:15:45.979-0400][62679ms] GC(75) User=0.00s Sys=0.00s Real=0.00s
[2023-06-19T19:15:45.979-0400][62679ms] GC(75) Concurrent Cleanup for Next Mark
[2023-06-19T19:15:45.979-0400][62679ms] GC(75) Concurrent Cleanup for Next Mark 0.403ms
[2023-06-19T19:15:45.980-0400][62680ms] GC(75) Concurrent Cycle 314.208ms
[2023-06-19T19:15:46.000-0400][62700ms] GC(76) Pause Young (Prepare Mixed) (G1 Evacuation Pause)
[2023-06-19T19:15:46.000-0400][62700ms] GC(76) Using 8 workers of 8 for evacuation
[2023-06-19T19:15:46.016-0400][62716ms] GC(76)   Pre Evacuate Collection Set: 0.0ms
[2023-06-19T19:15:46.016-0400][62716ms] GC(76)   Evacuate Collection Set: 13.8ms
[2023-06-19T19:15:46.016-0400][62716ms] GC(76)   Post Evacuate Collection Set: 2.7ms
[2023-06-19T19:15:46.016-0400][62716ms] GC(76)   Other: 0.3ms
[2023-06-19T19:15:46.016-0400][62716ms] GC(76) Eden regions: 110->0(9)
[2023-06-19T19:15:46.016-0400][62716ms] GC(76) Survivor regions: 14->15(16)
[2023-06-19T19:15:46.017-0400][62717ms] GC(76) Old regions: 295->302
[2023-06-19T19:15:46.017-0400][62717ms] GC(76) Humongous regions: 4->4
[2023-06-19T19:15:46.017-0400][62717ms] GC(76) Metaspace: 162325K->162325K(1200128K)
[2023-06-19T19:15:46.017-0400][62717ms] GC(76) Pause Young (Prepare Mixed) (G1 Evacuation Pause) 422M->320M(494M) 17.088ms
[2023-06-19T19:15:46.017-0400][62717ms] GC(76) User=0.02s Sys=0.00s Real=0.02s
[2023-06-19T19:15:46.044-0400][62744ms] GC(77) Pause Young (Mixed) (G1 Evacuation Pause)
[2023-06-19T19:15:46.044-0400][62744ms] GC(77) Using 8 workers of 8 for evacuation
[2023-06-19T19:15:46.060-0400][62760ms] GC(77)   Pre Evacuate Collection Set: 0.1ms
[2023-06-19T19:15:46.060-0400][62760ms] GC(77)   Evacuate Collection Set: 13.1ms
[2023-06-19T19:15:46.060-0400][62760ms] GC(77)   Post Evacuate Collection Set: 2.6ms
[2023-06-19T19:15:46.060-0400][62760ms] GC(77)   Other: 0.2ms
[2023-06-19T19:15:46.060-0400][62760ms] GC(77) Eden regions: 9->0(21)
[2023-06-19T19:15:46.060-0400][62760ms] GC(77) Survivor regions: 15->3(3)
[2023-06-19T19:15:46.060-0400][62760ms] GC(77) Old regions: 302->266
[2023-06-19T19:15:46.060-0400][62760ms] GC(77) Humongous regions: 4->4
[2023-06-19T19:15:46.060-0400][62760ms] GC(77) Metaspace: 162325K->162325K(1200128K)
[2023-06-19T19:15:46.060-0400][62760ms] GC(77) Pause Young (Mixed) (G1 Evacuation Pause) 329M->272M(494M) 16.322ms
[2023-06-19T19:15:46.060-0400][62760ms] GC(77) User=0.13s Sys=0.00s Real=0.02s
[2023-06-19T19:15:46.119-0400][62819ms] GC(78) Pause Young (Mixed) (G1 Evacuation Pause)
[2023-06-19T19:15:46.119-0400][62819ms] GC(78) Using 8 workers of 8 for evacuation
[2023-06-19T19:15:46.128-0400][62828ms] GC(78)   Pre Evacuate Collection Set: 0.1ms
[2023-06-19T19:15:46.128-0400][62828ms] GC(78)   Evacuate Collection Set: 6.3ms
[2023-06-19T19:15:46.128-0400][62828ms] GC(78)   Post Evacuate Collection Set: 2.7ms
[2023-06-19T19:15:46.129-0400][62829ms] GC(78)   Other: 0.3ms
[2023-06-19T19:15:46.129-0400][62829ms] GC(78) Eden regions: 21->0(140)
[2023-06-19T19:15:46.129-0400][62829ms] GC(78) Survivor regions: 3->3(3)
[2023-06-19T19:15:46.129-0400][62829ms] GC(78) Old regions: 266->259
[2023-06-19T19:15:46.129-0400][62829ms] GC(78) Humongous regions: 4->4
[2023-06-19T19:15:46.129-0400][62829ms] GC(78) Metaspace: 162325K->162325K(1200128K)
[2023-06-19T19:15:46.129-0400][62829ms] GC(78) Pause Young (Mixed) (G1 Evacuation Pause) 293M->265M(494M) 9.720ms
[2023-06-19T19:15:46.129-0400][62829ms] GC(78) User=0.13s Sys=0.00s Real=0.01s
[2023-06-19T19:15:46.456-0400][63156ms] GC(79) Pause Young (Normal) (G1 Evacuation Pause)
[2023-06-19T19:15:46.456-0400][63156ms] GC(79) Using 8 workers of 8 for evacuation
[2023-06-19T19:15:46.466-0400][63166ms] GC(79)   Pre Evacuate Collection Set: 0.0ms
[2023-06-19T19:15:46.466-0400][63166ms] GC(79)   Evacuate Collection Set: 7.5ms
[2023-06-19T19:15:46.466-0400][63166ms] GC(79)   Post Evacuate Collection Set: 2.5ms
[2023-06-19T19:15:46.466-0400][63166ms] GC(79)   Other: 0.2ms
[2023-06-19T19:15:46.466-0400][63166ms] GC(79) Eden regions: 140->0(139)
[2023-06-19T19:15:46.466-0400][63166ms] GC(79) Survivor regions: 3->10(18)
[2023-06-19T19:15:46.466-0400][63166ms] GC(79) Old regions: 259->259
[2023-06-19T19:15:46.466-0400][63166ms] GC(79) Humongous regions: 4->4
[2023-06-19T19:15:46.466-0400][63166ms] GC(79) Metaspace: 162325K->162325K(1200128K)
[2023-06-19T19:15:46.466-0400][63166ms] GC(79) Pause Young (Normal) (G1 Evacuation Pause) 405M->272M(494M) 10.580ms
[2023-06-19T19:15:46.467-0400][63167ms] GC(79) User=0.00s Sys=0.00s Real=0.01s
[2023-06-19T19:15:46.892-0400][63592ms] GC(80) Pause Young (Normal) (G1 Evacuation Pause)
[2023-06-19T19:15:46.892-0400][63592ms] GC(80) Using 8 workers of 8 for evacuation
[2023-06-19T19:15:46.906-0400][63606ms] GC(80)   Pre Evacuate Collection Set: 0.0ms
[2023-06-19T19:15:46.906-0400][63606ms] GC(80)   Evacuate Collection Set: 12.1ms
[2023-06-19T19:15:46.906-0400][63606ms] GC(80)   Post Evacuate Collection Set: 2.4ms
[2023-06-19T19:15:46.907-0400][63607ms] GC(80)   Other: 0.2ms
[2023-06-19T19:15:46.907-0400][63607ms] GC(80) Eden regions: 139->0(134)
[2023-06-19T19:15:46.907-0400][63607ms] GC(80) Survivor regions: 10->19(19)
[2023-06-19T19:15:46.907-0400][63607ms] GC(80) Old regions: 259->259
[2023-06-19T19:15:46.907-0400][63607ms] GC(80) Humongous regions: 4->4
[2023-06-19T19:15:46.907-0400][63607ms] GC(80) Metaspace: 162344K->162344K(1200128K)
[2023-06-19T19:15:46.907-0400][63607ms] GC(80) Pause Young (Normal) (G1 Evacuation Pause) 411M->281M(494M) 15.042ms
[2023-06-19T19:15:46.907-0400][63607ms] GC(80) User=0.02s Sys=0.00s Real=0.02s
[2023-06-19T19:15:48.080-0400][64780ms] GC(81) Pause Young (Normal) (G1 Evacuation Pause)
[2023-06-19T19:15:48.080-0400][64780ms] GC(81) Using 8 workers of 8 for evacuation
[2023-06-19T19:15:48.091-0400][64791ms] GC(81)   Pre Evacuate Collection Set: 0.0ms
[2023-06-19T19:15:48.091-0400][64791ms] GC(81)   Evacuate Collection Set: 4.6ms
[2023-06-19T19:15:48.091-0400][64791ms] GC(81)   Post Evacuate Collection Set: 5.8ms
[2023-06-19T19:15:48.091-0400][64791ms] GC(81)   Other: 0.2ms
[2023-06-19T19:15:48.091-0400][64791ms] GC(81) Eden regions: 134->0(213)
[2023-06-19T19:15:48.091-0400][64791ms] GC(81) Survivor regions: 19->9(20)
[2023-06-19T19:15:48.091-0400][64791ms] GC(81) Old regions: 259->260
[2023-06-19T19:15:48.091-0400][64791ms] GC(81) Humongous regions: 4->4
[2023-06-19T19:15:48.091-0400][64791ms] GC(81) Metaspace: 164282K->164282K(1202176K)
[2023-06-19T19:15:48.091-0400][64791ms] GC(81) Pause Young (Normal) (G1 Evacuation Pause) 415M->272M(616M) 10.977ms
[2023-06-19T19:15:48.091-0400][64791ms] GC(81) User=0.00s Sys=0.00s Real=0.01s
